Running: C:\Xilinx\14.7\ISE_DS\ISE\bin\nt64\unwrapped\fuse.exe -intstyle ise -incremental -lib unisims_ver -lib unimacro_ver -lib xilinxcorelib_ver -o D:/prj/ca/CA9/alutest_isim_beh.exe -prj D:/prj/ca/CA9/alutest_beh.prj work.alutest work.glbl 
ISim P.20131013 (signature 0x7708f090)
Number of CPUs detected in this system: 12
Turning on mult-threading, number of parallel sub-compilation jobs: 24 
Determining compilation order of HDL files
Analyzing Verilog file "D:/prj/ca/CA9/fp_multiplier.v" into library work
Analyzing Verilog file "D:/prj/ca/CA9/fp_min.v" into library work
Analyzing Verilog file "D:/prj/ca/CA9/fp_divider.v" into library work
Analyzing Verilog file "D:/prj/ca/CA9/fp_adder.v" into library work
Analyzing Verilog file "D:/prj/ca/CA9/FPALU.v" into library work
Analyzing Verilog file "D:/prj/ca/CA9/alutest.v" into library work
Analyzing Verilog file "C:/Xilinx/14.7/ISE_DS/ISE//verilog/src/glbl.v" into library work
Starting static elaboration
Completed static elaboration
Compiling module fp_adder
Compiling module fp_min
Compiling module fp_divider
Compiling module fp_multiplier
Compiling module FPALU
Compiling module alutest
Compiling module glbl
Time Resolution for simulation is 1ps.
Waiting for 1 sub-compilation(s) to finish...
WARNING:Simulator - Unable to copy libPortabilityNOSH.dll to the simulation executable directory: boost::filesystem::copy_file: The system cannot find the path specified, "isim\alutest_isim_beh.exe.sim\libPortability.dll".
Compiled 7 Verilog Units
Built simulation executable D:/prj/ca/CA9/alutest_isim_beh.exe
Fuse Memory Usage: 28296 KB
Fuse CPU Usage: 281 ms
