Flow report for ca5
Sun Apr 25 17:38:24 2021
Quartus II 64-Bit Version 13.0.1 Build 232 06/12/2013 Service Pack 1 SJ Web Edition


---------------------
; Table of Contents ;
---------------------
  1. Legal Notice
  2. Flow Summary
  3. Flow Settings
  4. Flow Non-Default Global Settings
  5. Flow Elapsed Time
  6. Flow OS Summary
  7. Flow Log
  8. Flow Messages
  9. Flow Suppressed Messages



----------------
; Legal Notice ;
----------------
Copyright (C) 1991-2013 Altera Corporation
Your use of Altera Corporation's design tools, logic functions 
and other software and tools, and its AMPP partner logic 
functions, and any output files from any of the foregoing 
(including device programming or simulation files), and any 
associated documentation or information are expressly subject 
to the terms and conditions of the Altera Program License 
Subscription Agreement, Altera MegaCore Function License 
Agreement, or other applicable license agreement, including, 
without limitation, that your use is for the sole purpose of 
programming logic devices manufactured by Altera and sold by 
Altera or its authorized distributors.  Please refer to the 
applicable agreement for further details.



+--------------------------------------------------------------------------------------+
; Flow Summary                                                                         ;
+------------------------------------+-------------------------------------------------+
; Flow Status                        ; Successful - Sun Apr 25 17:38:24 2021           ;
; Quartus II 64-Bit Version          ; 13.0.1 Build 232 06/12/2013 SP 1 SJ Web Edition ;
; Revision Name                      ; ca5                                             ;
; Top-level Entity Name              ; ca5                                             ;
; Family                             ; Cyclone IV GX                                   ;
; Total logic elements               ; 674 / 29,440 ( 2 % )                            ;
;     Total combinational functions  ; 674 / 29,440 ( 2 % )                            ;
;     Dedicated logic registers      ; 0 / 29,440 ( 0 % )                              ;
; Total registers                    ; 0                                               ;
; Total pins                         ; 139 / 307 ( 45 % )                              ;
; Total virtual pins                 ; 0                                               ;
; Total memory bits                  ; 0 / 1,105,920 ( 0 % )                           ;
; Embedded Multiplier 9-bit elements ; 0 / 160 ( 0 % )                                 ;
; Total GXB Receiver Channel PCS     ; 0 / 4 ( 0 % )                                   ;
; Total GXB Receiver Channel PMA     ; 0 / 4 ( 0 % )                                   ;
; Total GXB Transmitter Channel PCS  ; 0 / 4 ( 0 % )                                   ;
; Total GXB Transmitter Channel PMA  ; 0 / 4 ( 0 % )                                   ;
; Total PLLs                         ; 0 / 6 ( 0 % )                                   ;
; Device                             ; EP4CGX30CF23C6                                  ;
; Timing Models                      ; Final                                           ;
+------------------------------------+-------------------------------------------------+


+-----------------------------------------+
; Flow Settings                           ;
+-------------------+---------------------+
; Option            ; Setting             ;
+-------------------+---------------------+
; Start date & time ; 04/25/2021 15:05:02 ;
; Main task         ; Compilation         ;
; Revision Name     ; ca5                 ;
+-------------------+---------------------+


+--------------------------------------------------------------------------------------------------------------------+
; Flow Non-Default Global Settings                                                                                   ;
+-------------------------------------+-------------------------------+---------------+-------------+----------------+
; Assignment Name                     ; Value                         ; Default Value ; Entity Name ; Section Id     ;
+-------------------------------------+-------------------------------+---------------+-------------+----------------+
; COMPILER_SIGNATURE_ID               ; 5311875717288.161934690203600 ; --            ; --          ; --             ;
; EDA_GENERATE_FUNCTIONAL_NETLIST     ; On                            ; --            ; --          ; eda_simulation ;
; EDA_OUTPUT_DATA_FORMAT              ; Verilog Hdl                   ; --            ; --          ; eda_simulation ;
; EDA_SIMULATION_TOOL                 ; ModelSim-Altera (Verilog)     ; <None>        ; --          ; --             ;
; EDA_TIME_SCALE                      ; 1 ps                          ; --            ; --          ; eda_simulation ;
; IP_TOOL_NAME                        ; LPM_MUX                       ; --            ; --          ; --             ;
; IP_TOOL_NAME                        ; ALTFP_ADD_SUB                 ; --            ; --          ; --             ;
; IP_TOOL_NAME                        ; ALTFP_ADD_SUB                 ; --            ; --          ; --             ;
; IP_TOOL_NAME                        ; Shift register (RAM-based)    ; --            ; --          ; --             ;
; IP_TOOL_NAME                        ; LPM_SHIFTREG                  ; --            ; --          ; --             ;
; IP_TOOL_NAME                        ; LPM_SHIFTREG                  ; --            ; --          ; --             ;
; IP_TOOL_NAME                        ; ALTFP_COMPARE                 ; --            ; --          ; --             ;
; IP_TOOL_NAME                        ; ALTFP_ADD_SUB                 ; --            ; --          ; --             ;
; IP_TOOL_NAME                        ; LPM_CLSHIFT                   ; --            ; --          ; --             ;
; IP_TOOL_NAME                        ; LPM_CLSHIFT                   ; --            ; --          ; --             ;
; IP_TOOL_NAME                        ; ALTFP_ADD_SUB                 ; --            ; --          ; --             ;
; IP_TOOL_NAME                        ; LPM_ADD_SUB                   ; --            ; --          ; --             ;
; IP_TOOL_NAME                        ; LPM_ADD_SUB                   ; --            ; --          ; --             ;
; IP_TOOL_NAME                        ; LPM_COMPARE                   ; --            ; --          ; --             ;
; IP_TOOL_NAME                        ; LPM_COMPARE                   ; --            ; --          ; --             ;
; IP_TOOL_NAME                        ; LPM_COMPARE                   ; --            ; --          ; --             ;
; IP_TOOL_VERSION                     ; 13.0                          ; --            ; --          ; --             ;
; IP_TOOL_VERSION                     ; 13.0                          ; --            ; --          ; --             ;
; IP_TOOL_VERSION                     ; 13.0                          ; --            ; --          ; --             ;
; IP_TOOL_VERSION                     ; 13.0                          ; --            ; --          ; --             ;
; IP_TOOL_VERSION                     ; 13.0                          ; --            ; --          ; --             ;
; IP_TOOL_VERSION                     ; 13.0                          ; --            ; --          ; --             ;
; IP_TOOL_VERSION                     ; 13.0                          ; --            ; --          ; --             ;
; IP_TOOL_VERSION                     ; 13.0                          ; --            ; --          ; --             ;
; IP_TOOL_VERSION                     ; 13.0                          ; --            ; --          ; --             ;
; IP_TOOL_VERSION                     ; 13.0                          ; --            ; --          ; --             ;
; IP_TOOL_VERSION                     ; 13.0                          ; --            ; --          ; --             ;
; IP_TOOL_VERSION                     ; 13.0                          ; --            ; --          ; --             ;
; IP_TOOL_VERSION                     ; 13.0                          ; --            ; --          ; --             ;
; IP_TOOL_VERSION                     ; 13.0                          ; --            ; --          ; --             ;
; IP_TOOL_VERSION                     ; 13.0                          ; --            ; --          ; --             ;
; IP_TOOL_VERSION                     ; 13.0                          ; --            ; --          ; --             ;
; MISC_FILE                           ; lpm_mux0.bsf                  ; --            ; --          ; --             ;
; MISC_FILE                           ; lpm_mux0.cmp                  ; --            ; --          ; --             ;
; MISC_FILE                           ; altfp_add_sub0.bsf            ; --            ; --          ; --             ;
; MISC_FILE                           ; altfp_add_sub0.cmp            ; --            ; --          ; --             ;
; MISC_FILE                           ; altfp_add_sub1.bsf            ; --            ; --          ; --             ;
; MISC_FILE                           ; altfp_add_sub1.cmp            ; --            ; --          ; --             ;
; MISC_FILE                           ; sr.bsf                        ; --            ; --          ; --             ;
; MISC_FILE                           ; sr.cmp                        ; --            ; --          ; --             ;
; MISC_FILE                           ; shiftregl.bsf                 ; --            ; --          ; --             ;
; MISC_FILE                           ; shiftregl.cmp                 ; --            ; --          ; --             ;
; MISC_FILE                           ; shitright.bsf                 ; --            ; --          ; --             ;
; MISC_FILE                           ; shitright.cmp                 ; --            ; --          ; --             ;
; MISC_FILE                           ; altfp_compare0.bsf            ; --            ; --          ; --             ;
; MISC_FILE                           ; altfp_compare0.cmp            ; --            ; --          ; --             ;
; MISC_FILE                           ; altfp_add_sub2.bsf            ; --            ; --          ; --             ;
; MISC_FILE                           ; altfp_add_sub2.cmp            ; --            ; --          ; --             ;
; MISC_FILE                           ; lpm_clshift0.bsf              ; --            ; --          ; --             ;
; MISC_FILE                           ; lpm_clshift0.cmp              ; --            ; --          ; --             ;
; MISC_FILE                           ; lpm_clshift1.bsf              ; --            ; --          ; --             ;
; MISC_FILE                           ; lpm_clshift1.cmp              ; --            ; --          ; --             ;
; MISC_FILE                           ; altfp_add_sub3.bsf            ; --            ; --          ; --             ;
; MISC_FILE                           ; altfp_add_sub3.cmp            ; --            ; --          ; --             ;
; MISC_FILE                           ; lpm_add_sub0.bsf              ; --            ; --          ; --             ;
; MISC_FILE                           ; lpm_add_sub0.cmp              ; --            ; --          ; --             ;
; MISC_FILE                           ; lpm_add_sub1.bsf              ; --            ; --          ; --             ;
; MISC_FILE                           ; lpm_add_sub1.cmp              ; --            ; --          ; --             ;
; MISC_FILE                           ; lpm_compare0.bsf              ; --            ; --          ; --             ;
; MISC_FILE                           ; lpm_compare0.cmp              ; --            ; --          ; --             ;
; MISC_FILE                           ; lpm_compare1.bsf              ; --            ; --          ; --             ;
; MISC_FILE                           ; lpm_compare1.cmp              ; --            ; --          ; --             ;
; MISC_FILE                           ; lpm_compare2.bsf              ; --            ; --          ; --             ;
; MISC_FILE                           ; lpm_compare2.cmp              ; --            ; --          ; --             ;
; PARTITION_COLOR                     ; 16764057                      ; --            ; --          ; Top            ;
; PARTITION_FITTER_PRESERVATION_LEVEL ; PLACEMENT_AND_ROUTING         ; --            ; --          ; Top            ;
; PARTITION_NETLIST_TYPE              ; SOURCE                        ; --            ; --          ; Top            ;
; PROJECT_OUTPUT_DIRECTORY            ; output_files                  ; --            ; --          ; --             ;
+-------------------------------------+-------------------------------+---------------+-------------+----------------+


+-------------------------------------------------------------------------------------------------------------------------------+
; Flow Elapsed Time                                                                                                             ;
+---------------------------+--------------+-------------------------+---------------------+------------------------------------+
; Module Name               ; Elapsed Time ; Average Processors Used ; Peak Virtual Memory ; Total CPU Time (on all processors) ;
+---------------------------+--------------+-------------------------+---------------------+------------------------------------+
; Analysis & Synthesis      ; 00:00:07     ; 1.0                     ; 4765 MB             ; 00:00:06                           ;
; Fitter                    ; 00:00:12     ; 2.6                     ; 5623 MB             ; 00:00:16                           ;
; Assembler                 ; 00:00:05     ; 1.0                     ; 4637 MB             ; 00:00:05                           ;
; TimeQuest Timing Analyzer ; 00:00:06     ; 1.0                     ; 4692 MB             ; 00:00:05                           ;
; EDA Netlist Writer        ; 00:00:03     ; 1.0                     ; 4588 MB             ; 00:00:03                           ;
; EDA Netlist Writer        ; 00:00:03     ; 1.0                     ; 4607 MB             ; 00:00:03                           ;
; EDA Netlist Writer        ; 00:00:04     ; 1.0                     ; 4607 MB             ; 00:00:03                           ;
; EDA Netlist Writer        ; 00:00:02     ; 1.0                     ; 4607 MB             ; 00:00:03                           ;
; EDA Netlist Writer        ; 00:00:03     ; 1.0                     ; 4607 MB             ; 00:00:03                           ;
; EDA Netlist Writer        ; 00:00:05     ; 1.0                     ; 4607 MB             ; 00:00:04                           ;
; EDA Netlist Writer        ; 00:00:03     ; 1.0                     ; 4607 MB             ; 00:00:03                           ;
; Total                     ; 00:00:53     ; --                      ; --                  ; 00:00:54                           ;
+---------------------------+--------------+-------------------------+---------------------+------------------------------------+


+----------------------------------------------------------------------------------------+
; Flow OS Summary                                                                        ;
+---------------------------+------------------+-----------+------------+----------------+
; Module Name               ; Machine Hostname ; OS Name   ; OS Version ; Processor type ;
+---------------------------+------------------+-----------+------------+----------------+
; Analysis & Synthesis      ; DESKTOP-FGVC2L9  ; Windows 7 ; 6.2        ; x86_64         ;
; Fitter                    ; DESKTOP-FGVC2L9  ; Windows 7 ; 6.2        ; x86_64         ;
; Assembler                 ; DESKTOP-FGVC2L9  ; Windows 7 ; 6.2        ; x86_64         ;
; TimeQuest Timing Analyzer ; DESKTOP-FGVC2L9  ; Windows 7 ; 6.2        ; x86_64         ;
; EDA Netlist Writer        ; DESKTOP-FGVC2L9  ; Windows 7 ; 6.2        ; x86_64         ;
; EDA Netlist Writer        ; DESKTOP-FGVC2L9  ; Windows 7 ; 6.2        ; x86_64         ;
; EDA Netlist Writer        ; DESKTOP-FGVC2L9  ; Windows 7 ; 6.2        ; x86_64         ;
; EDA Netlist Writer        ; DESKTOP-FGVC2L9  ; Windows 7 ; 6.2        ; x86_64         ;
; EDA Netlist Writer        ; DESKTOP-FGVC2L9  ; Windows 7 ; 6.2        ; x86_64         ;
; EDA Netlist Writer        ; DESKTOP-FGVC2L9  ; Windows 7 ; 6.2        ; x86_64         ;
; EDA Netlist Writer        ; DESKTOP-FGVC2L9  ; Windows 7 ; 6.2        ; x86_64         ;
+---------------------------+------------------+-----------+------------+----------------+


------------
; Flow Log ;
------------
quartus_map --read_settings_files=on --write_settings_files=off ca5 -c ca5
quartus_fit --read_settings_files=off --write_settings_files=off ca5 -c ca5
quartus_asm --read_settings_files=off --write_settings_files=off ca5 -c ca5
quartus_sta ca5 -c ca5
quartus_eda --read_settings_files=off --write_settings_files=off ca5 -c ca5
quartus_eda --gen_testbench --check_outputs=on --tool=modelsim_oem --format=verilog ca5 -c ca5 --vector_source=D:/prj/ca/5/Waveform.vwf --testbench_file=./simulation/qsim/ca5.vt
quartus_eda --functional=on --simulation=on --tool=modelsim_oem --format=verilog ca5 -c ca5
quartus_eda --gen_testbench --check_outputs=on --tool=modelsim_oem --format=verilog ca5 -c ca5 --vector_source=D:/prj/ca/5/Waveform.vwf --testbench_file=./simulation/qsim/ca5.vt
quartus_eda --functional=on --simulation=on --tool=modelsim_oem --format=verilog ca5 -c ca5
quartus_eda --gen_testbench --check_outputs=on --tool=modelsim_oem --format=verilog ca5 -c ca5 --vector_source=D:/prj/ca/5/Waveform.vwf --testbench_file=./simulation/qsim/ca5.vt
quartus_eda --gen_testbench --check_outputs=on --tool=modelsim_oem --format=verilog ca5 -c ca5 --vector_source=D:/prj/ca/5/Waveform.vwf --testbench_file=./simulation/qsim/ca5.vt



