Flow report for CA6
Tue May 04 00:24:22 2021
Quartus II 64-Bit Version 13.0.1 Build 232 06/12/2013 Service Pack 1 SJ Web Edition


---------------------
; Table of Contents ;
---------------------
  1. Legal Notice
  2. Flow Summary
  3. Flow Settings
  4. Flow Non-Default Global Settings
  5. Flow Elapsed Time
  6. Flow OS Summary
  7. Flow Log
  8. Flow Messages
  9. Flow Suppressed Messages



----------------
; Legal Notice ;
----------------
Copyright (C) 1991-2013 Altera Corporation
Your use of Altera Corporation's design tools, logic functions 
and other software and tools, and its AMPP partner logic 
functions, and any output files from any of the foregoing 
(including device programming or simulation files), and any 
associated documentation or information are expressly subject 
to the terms and conditions of the Altera Program License 
Subscription Agreement, Altera MegaCore Function License 
Agreement, or other applicable license agreement, including, 
without limitation, that your use is for the sole purpose of 
programming logic devices manufactured by Altera and sold by 
Altera or its authorized distributors.  Please refer to the 
applicable agreement for further details.



+--------------------------------------------------------------------------------------+
; Flow Summary                                                                         ;
+------------------------------------+-------------------------------------------------+
; Flow Status                        ; Successful - Tue May 04 00:24:22 2021           ;
; Quartus II 64-Bit Version          ; 13.0.1 Build 232 06/12/2013 SP 1 SJ Web Edition ;
; Revision Name                      ; CA6                                             ;
; Top-level Entity Name              ; CA6                                             ;
; Family                             ; Cyclone IV GX                                   ;
; Total logic elements               ; 297 / 29,440 ( 1 % )                            ;
;     Total combinational functions  ; 270 / 29,440 ( < 1 % )                          ;
;     Dedicated logic registers      ; 96 / 29,440 ( < 1 % )                           ;
; Total registers                    ; 96                                              ;
; Total pins                         ; 176 / 307 ( 57 % )                              ;
; Total virtual pins                 ; 0                                               ;
; Total memory bits                  ; 0 / 1,105,920 ( 0 % )                           ;
; Embedded Multiplier 9-bit elements ; 0 / 160 ( 0 % )                                 ;
; Total GXB Receiver Channel PCS     ; 0 / 4 ( 0 % )                                   ;
; Total GXB Receiver Channel PMA     ; 0 / 4 ( 0 % )                                   ;
; Total GXB Transmitter Channel PCS  ; 0 / 4 ( 0 % )                                   ;
; Total GXB Transmitter Channel PMA  ; 0 / 4 ( 0 % )                                   ;
; Total PLLs                         ; 0 / 6 ( 0 % )                                   ;
; Device                             ; EP4CGX30CF23C6                                  ;
; Timing Models                      ; Final                                           ;
+------------------------------------+-------------------------------------------------+


+-----------------------------------------+
; Flow Settings                           ;
+-------------------+---------------------+
; Option            ; Setting             ;
+-------------------+---------------------+
; Start date & time ; 05/04/2021 00:12:09 ;
; Main task         ; Compilation         ;
; Revision Name     ; CA6                 ;
+-------------------+---------------------+


+---------------------------------------------------------------------------------------------------------------------+
; Flow Non-Default Global Settings                                                                                    ;
+-------------------------------------+--------------------------------+---------------+-------------+----------------+
; Assignment Name                     ; Value                          ; Default Value ; Entity Name ; Section Id     ;
+-------------------------------------+--------------------------------+---------------+-------------+----------------+
; COMPILER_SIGNATURE_ID               ; 18431770098003.162007092914856 ; --            ; --          ; --             ;
; EDA_GENERATE_FUNCTIONAL_NETLIST     ; On                             ; --            ; --          ; eda_simulation ;
; EDA_OUTPUT_DATA_FORMAT              ; Verilog Hdl                    ; --            ; --          ; eda_simulation ;
; EDA_SIMULATION_TOOL                 ; ModelSim-Altera (Verilog)      ; <None>        ; --          ; --             ;
; IP_TOOL_NAME                        ; LPM_MUX                        ; --            ; --          ; --             ;
; IP_TOOL_NAME                        ; LPM_CLSHIFT                    ; --            ; --          ; --             ;
; IP_TOOL_NAME                        ; LPM_MUX                        ; --            ; --          ; --             ;
; IP_TOOL_VERSION                     ; 13.0                           ; --            ; --          ; --             ;
; IP_TOOL_VERSION                     ; 13.0                           ; --            ; --          ; --             ;
; IP_TOOL_VERSION                     ; 13.0                           ; --            ; --          ; --             ;
; MISC_FILE                           ; lpm_mux3.bsf                   ; --            ; --          ; --             ;
; MISC_FILE                           ; lpm_mux3.cmp                   ; --            ; --          ; --             ;
; MISC_FILE                           ; lpm_clshift1.bsf               ; --            ; --          ; --             ;
; MISC_FILE                           ; lpm_clshift1.cmp               ; --            ; --          ; --             ;
; MISC_FILE                           ; lpm_mux4.bsf                   ; --            ; --          ; --             ;
; MISC_FILE                           ; lpm_mux4.cmp                   ; --            ; --          ; --             ;
; PARTITION_COLOR                     ; 16764057                       ; --            ; --          ; Top            ;
; PARTITION_FITTER_PRESERVATION_LEVEL ; PLACEMENT_AND_ROUTING          ; --            ; --          ; Top            ;
; PARTITION_NETLIST_TYPE              ; SOURCE                         ; --            ; --          ; Top            ;
; PROJECT_OUTPUT_DIRECTORY            ; output_files                   ; --            ; --          ; --             ;
+-------------------------------------+--------------------------------+---------------+-------------+----------------+


+-------------------------------------------------------------------------------------------------------------------------------+
; Flow Elapsed Time                                                                                                             ;
+---------------------------+--------------+-------------------------+---------------------+------------------------------------+
; Module Name               ; Elapsed Time ; Average Processors Used ; Peak Virtual Memory ; Total CPU Time (on all processors) ;
+---------------------------+--------------+-------------------------+---------------------+------------------------------------+
; Analysis & Synthesis      ; 00:00:07     ; 1.0                     ; 4710 MB             ; 00:00:03                           ;
; Fitter                    ; 00:00:29     ; 1.0                     ; 5084 MB             ; 00:00:21                           ;
; Assembler                 ; 00:00:07     ; 1.0                     ; 4620 MB             ; 00:00:04                           ;
; TimeQuest Timing Analyzer ; 00:00:11     ; 1.0                     ; 4650 MB             ; 00:00:03                           ;
; EDA Netlist Writer        ; 00:00:04     ; 1.0                     ; 4577 MB             ; 00:00:01                           ;
; EDA Netlist Writer        ; 00:00:02     ; 1.0                     ; 4585 MB             ; 00:00:01                           ;
; EDA Netlist Writer        ; 00:00:03     ; 1.0                     ; 4585 MB             ; 00:00:01                           ;
; EDA Netlist Writer        ; 00:00:03     ; 1.0                     ; 4585 MB             ; 00:00:01                           ;
; EDA Netlist Writer        ; 00:00:03     ; 1.0                     ; 4585 MB             ; 00:00:01                           ;
; EDA Netlist Writer        ; 00:00:02     ; 1.0                     ; 4585 MB             ; 00:00:01                           ;
; EDA Netlist Writer        ; 00:00:03     ; 1.0                     ; 4585 MB             ; 00:00:01                           ;
; Total                     ; 00:01:14     ; --                      ; --                  ; 00:00:38                           ;
+---------------------------+--------------+-------------------------+---------------------+------------------------------------+


+----------------------------------------------------------------------------------------+
; Flow OS Summary                                                                        ;
+---------------------------+------------------+-----------+------------+----------------+
; Module Name               ; Machine Hostname ; OS Name   ; OS Version ; Processor type ;
+---------------------------+------------------+-----------+------------+----------------+
; Analysis & Synthesis      ; PFG              ; Windows 7 ; 6.2        ; x86_64         ;
; Fitter                    ; PFG              ; Windows 7 ; 6.2        ; x86_64         ;
; Assembler                 ; PFG              ; Windows 7 ; 6.2        ; x86_64         ;
; TimeQuest Timing Analyzer ; PFG              ; Windows 7 ; 6.2        ; x86_64         ;
; EDA Netlist Writer        ; PFG              ; Windows 7 ; 6.2        ; x86_64         ;
; EDA Netlist Writer        ; PFG              ; Windows 7 ; 6.2        ; x86_64         ;
; EDA Netlist Writer        ; PFG              ; Windows 7 ; 6.2        ; x86_64         ;
; EDA Netlist Writer        ; PFG              ; Windows 7 ; 6.2        ; x86_64         ;
; EDA Netlist Writer        ; PFG              ; Windows 7 ; 6.2        ; x86_64         ;
; EDA Netlist Writer        ; PFG              ; Windows 7 ; 6.2        ; x86_64         ;
; EDA Netlist Writer        ; PFG              ; Windows 7 ; 6.2        ; x86_64         ;
+---------------------------+------------------+-----------+------------+----------------+


------------
; Flow Log ;
------------
quartus_map --read_settings_files=on --write_settings_files=off CA6 -c CA6
quartus_fit --read_settings_files=off --write_settings_files=off CA6 -c CA6
quartus_asm --read_settings_files=off --write_settings_files=off CA6 -c CA6
quartus_sta CA6 -c CA6
quartus_eda --read_settings_files=off --write_settings_files=off CA6 -c CA6
quartus_eda --gen_testbench --check_outputs=on --tool=modelsim_oem --format=verilog CA6 -c CA6 --vector_source=F:/CA6/Waveform.vwf --testbench_file=./simulation/qsim/CA6.vt
quartus_eda --functional=on --simulation=on --tool=modelsim_oem --format=verilog CA6 -c CA6
quartus_eda --gen_testbench --check_outputs=on --tool=modelsim_oem --format=verilog CA6 -c CA6 --vector_source=F:/CA6/Waveform.vwf --testbench_file=./simulation/qsim/CA6.vt
quartus_eda --functional=on --simulation=on --tool=modelsim_oem --format=verilog CA6 -c CA6
quartus_eda --gen_testbench --check_outputs=on --tool=modelsim_oem --format=verilog CA6 -c CA6 --vector_source=F:/CA6/Waveform.vwf --testbench_file=./simulation/qsim/CA6.vt
quartus_eda --functional=on --simulation=on --tool=modelsim_oem --format=verilog CA6 -c CA6



