Analysis & Synthesis report for CA6
Tue May 04 00:12:17 2021
Quartus II 64-Bit Version 13.0.1 Build 232 06/12/2013 Service Pack 1 SJ Web Edition


---------------------
; Table of Contents ;
---------------------
  1. Legal Notice
  2. Analysis & Synthesis Summary
  3. Analysis & Synthesis Settings
  4. Parallel Compilation
  5. Analysis & Synthesis Source Files Read
  6. Analysis & Synthesis Resource Usage Summary
  7. Analysis & Synthesis Resource Utilization by Entity
  8. Analysis & Synthesis IP Cores Summary
  9. General Register Statistics
 10. Multiplexer Restructuring Statistics (Restructuring Performed)
 11. Parameter Settings for User Entity Instance: lpm_mux0:inst66|LPM_MUX:LPM_MUX_component
 12. Parameter Settings for User Entity Instance: lpm_add_sub0:inst77|lpm_add_sub:LPM_ADD_SUB_component
 13. Parameter Settings for User Entity Instance: lpm_add_sub0:inst68|lpm_add_sub:LPM_ADD_SUB_component
 14. Parameter Settings for User Entity Instance: lpm_clshift0:inst6|lpm_clshift:LPM_CLSHIFT_component
 15. Parameter Settings for User Entity Instance: lpm_mux1:inst41|LPM_MUX:LPM_MUX_component
 16. Parameter Settings for User Entity Instance: lpm_mux3:inst3|LPM_MUX:LPM_MUX_component
 17. Parameter Settings for User Entity Instance: lpm_clshift1:inst4|lpm_clshift:LPM_CLSHIFT_component
 18. Parameter Settings for User Entity Instance: lpm_mux4:inst5|LPM_MUX:LPM_MUX_component
 19. Elapsed Time Per Partition
 20. Analysis & Synthesis Messages



----------------
; Legal Notice ;
----------------
Copyright (C) 1991-2013 Altera Corporation
Your use of Altera Corporation's design tools, logic functions 
and other software and tools, and its AMPP partner logic 
functions, and any output files from any of the foregoing 
(including device programming or simulation files), and any 
associated documentation or information are expressly subject 
to the terms and conditions of the Altera Program License 
Subscription Agreement, Altera MegaCore Function License 
Agreement, or other applicable license agreement, including, 
without limitation, that your use is for the sole purpose of 
programming logic devices manufactured by Altera and sold by 
Altera or its authorized distributors.  Please refer to the 
applicable agreement for further details.



+--------------------------------------------------------------------------------------+
; Analysis & Synthesis Summary                                                         ;
+------------------------------------+-------------------------------------------------+
; Analysis & Synthesis Status        ; Successful - Tue May 04 00:12:16 2021           ;
; Quartus II 64-Bit Version          ; 13.0.1 Build 232 06/12/2013 SP 1 SJ Web Edition ;
; Revision Name                      ; CA6                                             ;
; Top-level Entity Name              ; CA6                                             ;
; Family                             ; Cyclone IV GX                                   ;
; Total logic elements               ; 334                                             ;
;     Total combinational functions  ; 270                                             ;
;     Dedicated logic registers      ; 96                                              ;
; Total registers                    ; 96                                              ;
; Total pins                         ; 176                                             ;
; Total virtual pins                 ; 0                                               ;
; Total memory bits                  ; 0                                               ;
; Embedded Multiplier 9-bit elements ; 0                                               ;
; Total GXB Receiver Channel PCS     ; 0                                               ;
; Total GXB Receiver Channel PMA     ; 0                                               ;
; Total GXB Transmitter Channel PCS  ; 0                                               ;
; Total GXB Transmitter Channel PMA  ; 0                                               ;
; Total PLLs                         ; 0                                               ;
+------------------------------------+-------------------------------------------------+


+----------------------------------------------------------------------------------------------------------------------+
; Analysis & Synthesis Settings                                                                                        ;
+----------------------------------------------------------------------------+--------------------+--------------------+
; Option                                                                     ; Setting            ; Default Value      ;
+----------------------------------------------------------------------------+--------------------+--------------------+
; Top-level entity name                                                      ; CA6                ; CA6                ;
; Family name                                                                ; Cyclone IV GX      ; Cyclone IV GX      ;
; Use smart compilation                                                      ; Off                ; Off                ;
; Enable parallel Assembler and TimeQuest Timing Analyzer during compilation ; On                 ; On                 ;
; Enable compact report table                                                ; Off                ; Off                ;
; Restructure Multiplexers                                                   ; Auto               ; Auto               ;
; Create Debugging Nodes for IP Cores                                        ; Off                ; Off                ;
; Preserve fewer node names                                                  ; On                 ; On                 ;
; Disable OpenCore Plus hardware evaluation                                  ; Off                ; Off                ;
; Verilog Version                                                            ; Verilog_2001       ; Verilog_2001       ;
; VHDL Version                                                               ; VHDL_1993          ; VHDL_1993          ;
; State Machine Processing                                                   ; Auto               ; Auto               ;
; Safe State Machine                                                         ; Off                ; Off                ;
; Extract Verilog State Machines                                             ; On                 ; On                 ;
; Extract VHDL State Machines                                                ; On                 ; On                 ;
; Ignore Verilog initial constructs                                          ; Off                ; Off                ;
; Iteration limit for constant Verilog loops                                 ; 5000               ; 5000               ;
; Iteration limit for non-constant Verilog loops                             ; 250                ; 250                ;
; Add Pass-Through Logic to Inferred RAMs                                    ; On                 ; On                 ;
; Infer RAMs from Raw Logic                                                  ; On                 ; On                 ;
; Parallel Synthesis                                                         ; On                 ; On                 ;
; DSP Block Balancing                                                        ; Auto               ; Auto               ;
; NOT Gate Push-Back                                                         ; On                 ; On                 ;
; Power-Up Don't Care                                                        ; On                 ; On                 ;
; Remove Redundant Logic Cells                                               ; Off                ; Off                ;
; Remove Duplicate Registers                                                 ; On                 ; On                 ;
; Ignore CARRY Buffers                                                       ; Off                ; Off                ;
; Ignore CASCADE Buffers                                                     ; Off                ; Off                ;
; Ignore GLOBAL Buffers                                                      ; Off                ; Off                ;
; Ignore ROW GLOBAL Buffers                                                  ; Off                ; Off                ;
; Ignore LCELL Buffers                                                       ; Off                ; Off                ;
; Ignore SOFT Buffers                                                        ; On                 ; On                 ;
; Limit AHDL Integers to 32 Bits                                             ; Off                ; Off                ;
; Optimization Technique                                                     ; Balanced           ; Balanced           ;
; Carry Chain Length                                                         ; 70                 ; 70                 ;
; Auto Carry Chains                                                          ; On                 ; On                 ;
; Auto Open-Drain Pins                                                       ; On                 ; On                 ;
; Perform WYSIWYG Primitive Resynthesis                                      ; Off                ; Off                ;
; Auto ROM Replacement                                                       ; On                 ; On                 ;
; Auto RAM Replacement                                                       ; On                 ; On                 ;
; Auto DSP Block Replacement                                                 ; On                 ; On                 ;
; Auto Shift Register Replacement                                            ; Auto               ; Auto               ;
; Allow Shift Register Merging across Hierarchies                            ; Auto               ; Auto               ;
; Auto Clock Enable Replacement                                              ; On                 ; On                 ;
; Strict RAM Replacement                                                     ; Off                ; Off                ;
; Allow Synchronous Control Signals                                          ; On                 ; On                 ;
; Force Use of Synchronous Clear Signals                                     ; Off                ; Off                ;
; Auto RAM Block Balancing                                                   ; On                 ; On                 ;
; Auto RAM to Logic Cell Conversion                                          ; Off                ; Off                ;
; Auto Resource Sharing                                                      ; Off                ; Off                ;
; Allow Any RAM Size For Recognition                                         ; Off                ; Off                ;
; Allow Any ROM Size For Recognition                                         ; Off                ; Off                ;
; Allow Any Shift Register Size For Recognition                              ; Off                ; Off                ;
; Use LogicLock Constraints during Resource Balancing                        ; On                 ; On                 ;
; Ignore translate_off and synthesis_off directives                          ; Off                ; Off                ;
; Timing-Driven Synthesis                                                    ; On                 ; On                 ;
; Report Parameter Settings                                                  ; On                 ; On                 ;
; Report Source Assignments                                                  ; On                 ; On                 ;
; Report Connectivity Checks                                                 ; On                 ; On                 ;
; Ignore Maximum Fan-Out Assignments                                         ; Off                ; Off                ;
; Synchronization Register Chain Length                                      ; 2                  ; 2                  ;
; PowerPlay Power Optimization                                               ; Normal compilation ; Normal compilation ;
; HDL message level                                                          ; Level2             ; Level2             ;
; Suppress Register Optimization Related Messages                            ; Off                ; Off                ;
; Number of Removed Registers Reported in Synthesis Report                   ; 5000               ; 5000               ;
; Number of Swept Nodes Reported in Synthesis Report                         ; 5000               ; 5000               ;
; Number of Inverted Registers Reported in Synthesis Report                  ; 100                ; 100                ;
; Clock MUX Protection                                                       ; On                 ; On                 ;
; Auto Gated Clock Conversion                                                ; Off                ; Off                ;
; Block Design Naming                                                        ; Auto               ; Auto               ;
; SDC constraint protection                                                  ; Off                ; Off                ;
; Synthesis Effort                                                           ; Auto               ; Auto               ;
; Shift Register Replacement - Allow Asynchronous Clear Signal               ; On                 ; On                 ;
; Pre-Mapping Resynthesis Optimization                                       ; Off                ; Off                ;
; Analysis & Synthesis Message Level                                         ; Medium             ; Medium             ;
; Disable Register Merging Across Hierarchies                                ; Auto               ; Auto               ;
; Resource Aware Inference For Block RAM                                     ; On                 ; On                 ;
; Synthesis Seed                                                             ; 1                  ; 1                  ;
+----------------------------------------------------------------------------+--------------------+--------------------+


Parallel compilation was disabled, but you have multiple processors available. Enable parallel compilation to reduce compilation time.
+-------------------------------------+
; Parallel Compilation                ;
+----------------------------+--------+
; Processors                 ; Number ;
+----------------------------+--------+
; Number detected on machine ; 8      ;
; Maximum allowed            ; 1      ;
+----------------------------+--------+


+-------------------------------------------------------------------------------------------------------------------------------------------------------------------------------+
; Analysis & Synthesis Source Files Read                                                                                                                                        ;
+----------------------------------+-----------------+------------------------------------+---------------------------------------------------------------------------+---------+
; File Name with User-Entered Path ; Used in Netlist ; File Type                          ; File Name with Absolute Path                                              ; Library ;
+----------------------------------+-----------------+------------------------------------+---------------------------------------------------------------------------+---------+
; CA6.bdf                          ; yes             ; User Block Diagram/Schematic File  ; F:/CA6/CA6.bdf                                                            ;         ;
; lpm_mux3.vhd                     ; yes             ; User Wizard-Generated File         ; F:/CA6/lpm_mux3.vhd                                                       ;         ;
; lpm_clshift1.vhd                 ; yes             ; User Wizard-Generated File         ; F:/CA6/lpm_clshift1.vhd                                                   ;         ;
; lpm_mux4.vhd                     ; yes             ; User Wizard-Generated File         ; F:/CA6/lpm_mux4.vhd                                                       ;         ;
; lpm_mux0.vhd                     ; yes             ; Auto-Found Wizard-Generated File   ; F:/CA6/lpm_mux0.vhd                                                       ;         ;
; lpm_mux.tdf                      ; yes             ; Megafunction                       ; d:/altera/13.0sp1/quartus/libraries/megafunctions/lpm_mux.tdf             ;         ;
; aglobal130.inc                   ; yes             ; Megafunction                       ; d:/altera/13.0sp1/quartus/libraries/megafunctions/aglobal130.inc          ;         ;
; muxlut.inc                       ; yes             ; Megafunction                       ; d:/altera/13.0sp1/quartus/libraries/megafunctions/muxlut.inc              ;         ;
; bypassff.inc                     ; yes             ; Megafunction                       ; d:/altera/13.0sp1/quartus/libraries/megafunctions/bypassff.inc            ;         ;
; altshift.inc                     ; yes             ; Megafunction                       ; d:/altera/13.0sp1/quartus/libraries/megafunctions/altshift.inc            ;         ;
; db/mux_hue.tdf                   ; yes             ; Auto-Generated Megafunction        ; F:/CA6/db/mux_hue.tdf                                                     ;         ;
; lpm_add_sub0.vhd                 ; yes             ; Auto-Found Wizard-Generated File   ; F:/CA6/lpm_add_sub0.vhd                                                   ;         ;
; lpm_add_sub.tdf                  ; yes             ; Megafunction                       ; d:/altera/13.0sp1/quartus/libraries/megafunctions/lpm_add_sub.tdf         ;         ;
; addcore.inc                      ; yes             ; Megafunction                       ; d:/altera/13.0sp1/quartus/libraries/megafunctions/addcore.inc             ;         ;
; look_add.inc                     ; yes             ; Megafunction                       ; d:/altera/13.0sp1/quartus/libraries/megafunctions/look_add.inc            ;         ;
; alt_stratix_add_sub.inc          ; yes             ; Megafunction                       ; d:/altera/13.0sp1/quartus/libraries/megafunctions/alt_stratix_add_sub.inc ;         ;
; db/add_sub_2nh.tdf               ; yes             ; Auto-Generated Megafunction        ; F:/CA6/db/add_sub_2nh.tdf                                                 ;         ;
; lpm_clshift0.vhd                 ; yes             ; Auto-Found Wizard-Generated File   ; F:/CA6/lpm_clshift0.vhd                                                   ;         ;
; lpm_clshift.tdf                  ; yes             ; Megafunction                       ; d:/altera/13.0sp1/quartus/libraries/megafunctions/lpm_clshift.tdf         ;         ;
; db/lpm_clshift_rkb.tdf           ; yes             ; Auto-Generated Megafunction        ; F:/CA6/db/lpm_clshift_rkb.tdf                                             ;         ;
; lpm_mux1.vhd                     ; yes             ; Auto-Found Wizard-Generated File   ; F:/CA6/lpm_mux1.vhd                                                       ;         ;
; db/mux_2de.tdf                   ; yes             ; Auto-Generated Megafunction        ; F:/CA6/db/mux_2de.tdf                                                     ;         ;
; db/mux_nbe.tdf                   ; yes             ; Auto-Generated Megafunction        ; F:/CA6/db/mux_nbe.tdf                                                     ;         ;
; db/lpm_clshift_0lb.tdf           ; yes             ; Auto-Generated Megafunction        ; F:/CA6/db/lpm_clshift_0lb.tdf                                             ;         ;
; db/mux_dbe.tdf                   ; yes             ; Auto-Generated Megafunction        ; F:/CA6/db/mux_dbe.tdf                                                     ;         ;
+----------------------------------+-----------------+------------------------------------+---------------------------------------------------------------------------+---------+


+---------------------------------------------+
; Analysis & Synthesis Resource Usage Summary ;
+--------------------------+------------------+
; Resource                 ; Usage            ;
+--------------------------+------------------+
; I/O pins                 ; 176              ;
; DSP block 9-bit elements ; 0                ;
; Maximum fan-out node     ; clk~input        ;
; Maximum fan-out          ; 96               ;
; Total fan-out            ; 1364             ;
; Average fan-out          ; 1.90             ;
+--------------------------+------------------+


+-----------------------------------------------------------------------------------------------------------------------------------------------------------------------------------------------------------------------------------------------------------------------------+
; Analysis & Synthesis Resource Utilization by Entity                                                                                                                                                                                                                         ;
+-------------------------------------------+-------------------+--------------+-------------+--------------+---------+-----------+-----------+------+--------------+------------------------------------------------------------------------------------------+--------------+
; Compilation Hierarchy Node                ; LC Combinationals ; LC Registers ; Memory Bits ; DSP Elements ; DSP 9x9 ; DSP 18x18 ; DSP 36x36 ; Pins ; Virtual Pins ; Full Hierarchy Name                                                                      ; Library Name ;
+-------------------------------------------+-------------------+--------------+-------------+--------------+---------+-----------+-----------+------+--------------+------------------------------------------------------------------------------------------+--------------+
; |CA6                                      ; 270 (0)           ; 96 (32)      ; 0           ; 0            ; 0       ; 0         ; 0         ; 176  ; 0            ; |CA6                                                                                     ; work         ;
;    |lpm_add_sub0:inst68|                  ; 32 (0)            ; 0 (0)        ; 0           ; 0            ; 0       ; 0         ; 0         ; 0    ; 0            ; |CA6|lpm_add_sub0:inst68                                                                 ; work         ;
;       |lpm_add_sub:LPM_ADD_SUB_component| ; 32 (0)            ; 0 (0)        ; 0           ; 0            ; 0       ; 0         ; 0         ; 0    ; 0            ; |CA6|lpm_add_sub0:inst68|lpm_add_sub:LPM_ADD_SUB_component                               ; work         ;
;          |add_sub_2nh:auto_generated|     ; 32 (32)           ; 0 (0)        ; 0           ; 0            ; 0       ; 0         ; 0         ; 0    ; 0            ; |CA6|lpm_add_sub0:inst68|lpm_add_sub:LPM_ADD_SUB_component|add_sub_2nh:auto_generated    ; work         ;
;    |lpm_add_sub0:inst77|                  ; 32 (0)            ; 0 (0)        ; 0           ; 0            ; 0       ; 0         ; 0         ; 0    ; 0            ; |CA6|lpm_add_sub0:inst77                                                                 ; work         ;
;       |lpm_add_sub:LPM_ADD_SUB_component| ; 32 (0)            ; 0 (0)        ; 0           ; 0            ; 0       ; 0         ; 0         ; 0    ; 0            ; |CA6|lpm_add_sub0:inst77|lpm_add_sub:LPM_ADD_SUB_component                               ; work         ;
;          |add_sub_2nh:auto_generated|     ; 32 (32)           ; 0 (0)        ; 0           ; 0            ; 0       ; 0         ; 0         ; 0    ; 0            ; |CA6|lpm_add_sub0:inst77|lpm_add_sub:LPM_ADD_SUB_component|add_sub_2nh:auto_generated    ; work         ;
;    |lpm_clshift0:inst6|                   ; 79 (0)            ; 0 (0)        ; 0           ; 0            ; 0       ; 0         ; 0         ; 0    ; 0            ; |CA6|lpm_clshift0:inst6                                                                  ; work         ;
;       |lpm_clshift:LPM_CLSHIFT_component| ; 79 (0)            ; 0 (0)        ; 0           ; 0            ; 0       ; 0         ; 0         ; 0    ; 0            ; |CA6|lpm_clshift0:inst6|lpm_clshift:LPM_CLSHIFT_component                                ; work         ;
;          |lpm_clshift_rkb:auto_generated| ; 79 (79)           ; 0 (0)        ; 0           ; 0            ; 0       ; 0         ; 0         ; 0    ; 0            ; |CA6|lpm_clshift0:inst6|lpm_clshift:LPM_CLSHIFT_component|lpm_clshift_rkb:auto_generated ; work         ;
;    |lpm_clshift1:inst4|                   ; 55 (0)            ; 0 (0)        ; 0           ; 0            ; 0       ; 0         ; 0         ; 0    ; 0            ; |CA6|lpm_clshift1:inst4                                                                  ; work         ;
;       |lpm_clshift:LPM_CLSHIFT_component| ; 55 (0)            ; 0 (0)        ; 0           ; 0            ; 0       ; 0         ; 0         ; 0    ; 0            ; |CA6|lpm_clshift1:inst4|lpm_clshift:LPM_CLSHIFT_component                                ; work         ;
;          |lpm_clshift_0lb:auto_generated| ; 55 (55)           ; 0 (0)        ; 0           ; 0            ; 0       ; 0         ; 0         ; 0    ; 0            ; |CA6|lpm_clshift1:inst4|lpm_clshift:LPM_CLSHIFT_component|lpm_clshift_0lb:auto_generated ; work         ;
;    |lpm_mux0:inst66|                      ; 71 (0)            ; 64 (0)       ; 0           ; 0            ; 0       ; 0         ; 0         ; 0    ; 0            ; |CA6|lpm_mux0:inst66                                                                     ; work         ;
;       |lpm_mux:LPM_MUX_component|         ; 71 (0)            ; 64 (0)       ; 0           ; 0            ; 0       ; 0         ; 0         ; 0    ; 0            ; |CA6|lpm_mux0:inst66|lpm_mux:LPM_MUX_component                                           ; work         ;
;          |mux_hue:auto_generated|         ; 71 (71)           ; 64 (64)      ; 0           ; 0            ; 0       ; 0         ; 0         ; 0    ; 0            ; |CA6|lpm_mux0:inst66|lpm_mux:LPM_MUX_component|mux_hue:auto_generated                    ; work         ;
;    |lpm_mux3:inst3|                       ; 1 (0)             ; 0 (0)        ; 0           ; 0            ; 0       ; 0         ; 0         ; 0    ; 0            ; |CA6|lpm_mux3:inst3                                                                      ; work         ;
;       |lpm_mux:LPM_MUX_component|         ; 1 (0)             ; 0 (0)        ; 0           ; 0            ; 0       ; 0         ; 0         ; 0    ; 0            ; |CA6|lpm_mux3:inst3|lpm_mux:LPM_MUX_component                                            ; work         ;
;          |mux_nbe:auto_generated|         ; 1 (1)             ; 0 (0)        ; 0           ; 0            ; 0       ; 0         ; 0         ; 0    ; 0            ; |CA6|lpm_mux3:inst3|lpm_mux:LPM_MUX_component|mux_nbe:auto_generated                     ; work         ;
+-------------------------------------------+-------------------+--------------+-------------+--------------+---------+-----------+-----------+------+--------------+------------------------------------------------------------------------------------------+--------------+
Note: For table entries with two numbers listed, the numbers in parentheses indicate the number of resources of the given type used by the specific entity alone. The numbers listed outside of parentheses indicate the total resources of the given type used by the specific entity and all of its sub-entities in the hierarchy.


+--------------------------------------------------------------------------------------------------------------------+
; Analysis & Synthesis IP Cores Summary                                                                              ;
+--------+--------------+---------+--------------+--------------+--------------------------+-------------------------+
; Vendor ; IP Core Name ; Version ; Release Date ; License Type ; Entity Instance          ; IP Include File         ;
+--------+--------------+---------+--------------+--------------+--------------------------+-------------------------+
; Altera ; LPM_MUX      ; 13.0    ; N/A          ; N/A          ; |CA6|lpm_mux3:inst3      ; F:/CA6/lpm_mux3.vhd     ;
; Altera ; LPM_CLSHIFT  ; 13.0    ; N/A          ; N/A          ; |CA6|lpm_clshift1:inst4  ; F:/CA6/lpm_clshift1.vhd ;
; Altera ; LPM_MUX      ; 13.0    ; N/A          ; N/A          ; |CA6|lpm_mux4:inst5      ; F:/CA6/lpm_mux4.vhd     ;
; Altera ; LPM_CLSHIFT  ; N/A     ; N/A          ; N/A          ; |CA6|lpm_clshift0:inst6  ; F:/CA6/lpm_clshift0.vhd ;
; Altera ; LPM_MUX      ; N/A     ; N/A          ; N/A          ; |CA6|lpm_mux1:inst41     ; F:/CA6/lpm_mux1.vhd     ;
; Altera ; LPM_MUX      ; N/A     ; N/A          ; N/A          ; |CA6|lpm_mux0:inst66     ; F:/CA6/lpm_mux0.vhd     ;
; Altera ; LPM_ADD_SUB  ; N/A     ; N/A          ; N/A          ; |CA6|lpm_add_sub0:inst68 ; F:/CA6/lpm_add_sub0.vhd ;
; Altera ; LPM_ADD_SUB  ; N/A     ; N/A          ; N/A          ; |CA6|lpm_add_sub0:inst77 ; F:/CA6/lpm_add_sub0.vhd ;
+--------+--------------+---------+--------------+--------------+--------------------------+-------------------------+


+------------------------------------------------------+
; General Register Statistics                          ;
+----------------------------------------------+-------+
; Statistic                                    ; Value ;
+----------------------------------------------+-------+
; Total registers                              ; 96    ;
; Number of registers using Synchronous Clear  ; 0     ;
; Number of registers using Synchronous Load   ; 0     ;
; Number of registers using Asynchronous Clear ; 32    ;
; Number of registers using Asynchronous Load  ; 0     ;
; Number of registers using Clock Enable       ; 0     ;
; Number of registers using Preset             ; 0     ;
+----------------------------------------------+-------+


+-------------------------------------------------------------------------------------------------------------------------------------------------------------------------------------------------------------------+
; Multiplexer Restructuring Statistics (Restructuring Performed)                                                                                                                                                    ;
+--------------------+-----------+---------------+----------------------+------------------------+------------+-----------------------------------------------------------------------------------------------------+
; Multiplexer Inputs ; Bus Width ; Baseline Area ; Area if Restructured ; Saving if Restructured ; Registered ; Example Multiplexer Output                                                                          ;
+--------------------+-----------+---------------+----------------------+------------------------+------------+-----------------------------------------------------------------------------------------------------+
; 3:1                ; 2 bits    ; 4 LEs         ; 4 LEs                ; 0 LEs                  ; No         ; |CA6|lpm_clshift0:inst6|lpm_clshift:LPM_CLSHIFT_component|lpm_clshift_rkb:auto_generated|sbit_w[94] ;
+--------------------+-----------+---------------+----------------------+------------------------+------------+-----------------------------------------------------------------------------------------------------+


+----------------------------------------------------------------------------------------+
; Parameter Settings for User Entity Instance: lpm_mux0:inst66|LPM_MUX:LPM_MUX_component ;
+------------------------+---------------+-----------------------------------------------+
; Parameter Name         ; Value         ; Type                                          ;
+------------------------+---------------+-----------------------------------------------+
; AUTO_CARRY_CHAINS      ; ON            ; AUTO_CARRY                                    ;
; IGNORE_CARRY_BUFFERS   ; OFF           ; IGNORE_CARRY                                  ;
; AUTO_CASCADE_CHAINS    ; ON            ; AUTO_CASCADE                                  ;
; IGNORE_CASCADE_BUFFERS ; OFF           ; IGNORE_CASCADE                                ;
; LPM_WIDTH              ; 32            ; Signed Integer                                ;
; LPM_SIZE               ; 4             ; Signed Integer                                ;
; LPM_WIDTHS             ; 2             ; Signed Integer                                ;
; LPM_PIPELINE           ; 2             ; Signed Integer                                ;
; CBXI_PARAMETER         ; mux_hue       ; Untyped                                       ;
; DEVICE_FAMILY          ; Cyclone IV GX ; Untyped                                       ;
+------------------------+---------------+-----------------------------------------------+
Note: In order to hide this table in the UI and the text report file, please set the "Show Parameter Settings in Synthesis Report" option in "Analysis and Synthesis Settings -> More Settings" to "Off".


+----------------------------------------------------------------------------------------------------+
; Parameter Settings for User Entity Instance: lpm_add_sub0:inst77|lpm_add_sub:LPM_ADD_SUB_component ;
+------------------------+---------------+-----------------------------------------------------------+
; Parameter Name         ; Value         ; Type                                                      ;
+------------------------+---------------+-----------------------------------------------------------+
; LPM_WIDTH              ; 32            ; Signed Integer                                            ;
; LPM_REPRESENTATION     ; SIGNED        ; Untyped                                                   ;
; LPM_DIRECTION          ; ADD           ; Untyped                                                   ;
; ONE_INPUT_IS_CONSTANT  ; NO            ; Untyped                                                   ;
; LPM_PIPELINE           ; 0             ; Untyped                                                   ;
; MAXIMIZE_SPEED         ; 5             ; Untyped                                                   ;
; REGISTERED_AT_END      ; 0             ; Untyped                                                   ;
; OPTIMIZE_FOR_SPEED     ; 5             ; Untyped                                                   ;
; USE_CS_BUFFERS         ; 1             ; Untyped                                                   ;
; CARRY_CHAIN            ; MANUAL        ; Untyped                                                   ;
; CARRY_CHAIN_LENGTH     ; 48            ; CARRY_CHAIN_LENGTH                                        ;
; DEVICE_FAMILY          ; Cyclone IV GX ; Untyped                                                   ;
; USE_WYS                ; OFF           ; Untyped                                                   ;
; STYLE                  ; FAST          ; Untyped                                                   ;
; CBXI_PARAMETER         ; add_sub_2nh   ; Untyped                                                   ;
; AUTO_CARRY_CHAINS      ; ON            ; AUTO_CARRY                                                ;
; IGNORE_CARRY_BUFFERS   ; OFF           ; IGNORE_CARRY                                              ;
; AUTO_CASCADE_CHAINS    ; ON            ; AUTO_CASCADE                                              ;
; IGNORE_CASCADE_BUFFERS ; OFF           ; IGNORE_CASCADE                                            ;
+------------------------+---------------+-----------------------------------------------------------+
Note: In order to hide this table in the UI and the text report file, please set the "Show Parameter Settings in Synthesis Report" option in "Analysis and Synthesis Settings -> More Settings" to "Off".


+----------------------------------------------------------------------------------------------------+
; Parameter Settings for User Entity Instance: lpm_add_sub0:inst68|lpm_add_sub:LPM_ADD_SUB_component ;
+------------------------+---------------+-----------------------------------------------------------+
; Parameter Name         ; Value         ; Type                                                      ;
+------------------------+---------------+-----------------------------------------------------------+
; LPM_WIDTH              ; 32            ; Signed Integer                                            ;
; LPM_REPRESENTATION     ; SIGNED        ; Untyped                                                   ;
; LPM_DIRECTION          ; ADD           ; Untyped                                                   ;
; ONE_INPUT_IS_CONSTANT  ; NO            ; Untyped                                                   ;
; LPM_PIPELINE           ; 0             ; Untyped                                                   ;
; MAXIMIZE_SPEED         ; 5             ; Untyped                                                   ;
; REGISTERED_AT_END      ; 0             ; Untyped                                                   ;
; OPTIMIZE_FOR_SPEED     ; 5             ; Untyped                                                   ;
; USE_CS_BUFFERS         ; 1             ; Untyped                                                   ;
; CARRY_CHAIN            ; MANUAL        ; Untyped                                                   ;
; CARRY_CHAIN_LENGTH     ; 48            ; CARRY_CHAIN_LENGTH                                        ;
; DEVICE_FAMILY          ; Cyclone IV GX ; Untyped                                                   ;
; USE_WYS                ; OFF           ; Untyped                                                   ;
; STYLE                  ; FAST          ; Untyped                                                   ;
; CBXI_PARAMETER         ; add_sub_2nh   ; Untyped                                                   ;
; AUTO_CARRY_CHAINS      ; ON            ; AUTO_CARRY                                                ;
; IGNORE_CARRY_BUFFERS   ; OFF           ; IGNORE_CARRY                                              ;
; AUTO_CASCADE_CHAINS    ; ON            ; AUTO_CASCADE                                              ;
; IGNORE_CASCADE_BUFFERS ; OFF           ; IGNORE_CASCADE                                            ;
+------------------------+---------------+-----------------------------------------------------------+
Note: In order to hide this table in the UI and the text report file, please set the "Show Parameter Settings in Synthesis Report" option in "Analysis and Synthesis Settings -> More Settings" to "Off".


+---------------------------------------------------------------------------------------------------+
; Parameter Settings for User Entity Instance: lpm_clshift0:inst6|lpm_clshift:LPM_CLSHIFT_component ;
+----------------+-----------------+----------------------------------------------------------------+
; Parameter Name ; Value           ; Type                                                           ;
+----------------+-----------------+----------------------------------------------------------------+
; LPM_PIPELINE   ; 0               ; Untyped                                                        ;
; LPM_SHIFTTYPE  ; LOGICAL         ; Untyped                                                        ;
; LPM_WIDTH      ; 32              ; Signed Integer                                                 ;
; LPM_WIDTHDIST  ; 2               ; Signed Integer                                                 ;
; CBXI_PARAMETER ; lpm_clshift_rkb ; Untyped                                                        ;
+----------------+-----------------+----------------------------------------------------------------+
Note: In order to hide this table in the UI and the text report file, please set the "Show Parameter Settings in Synthesis Report" option in "Analysis and Synthesis Settings -> More Settings" to "Off".


+----------------------------------------------------------------------------------------+
; Parameter Settings for User Entity Instance: lpm_mux1:inst41|LPM_MUX:LPM_MUX_component ;
+------------------------+---------------+-----------------------------------------------+
; Parameter Name         ; Value         ; Type                                          ;
+------------------------+---------------+-----------------------------------------------+
; AUTO_CARRY_CHAINS      ; ON            ; AUTO_CARRY                                    ;
; IGNORE_CARRY_BUFFERS   ; OFF           ; IGNORE_CARRY                                  ;
; AUTO_CASCADE_CHAINS    ; ON            ; AUTO_CASCADE                                  ;
; IGNORE_CASCADE_BUFFERS ; OFF           ; IGNORE_CASCADE                                ;
; LPM_WIDTH              ; 16            ; Signed Integer                                ;
; LPM_SIZE               ; 2             ; Signed Integer                                ;
; LPM_WIDTHS             ; 1             ; Signed Integer                                ;
; LPM_PIPELINE           ; 0             ; Signed Integer                                ;
; CBXI_PARAMETER         ; mux_2de       ; Untyped                                       ;
; DEVICE_FAMILY          ; Cyclone IV GX ; Untyped                                       ;
+------------------------+---------------+-----------------------------------------------+
Note: In order to hide this table in the UI and the text report file, please set the "Show Parameter Settings in Synthesis Report" option in "Analysis and Synthesis Settings -> More Settings" to "Off".


+---------------------------------------------------------------------------------------+
; Parameter Settings for User Entity Instance: lpm_mux3:inst3|LPM_MUX:LPM_MUX_component ;
+------------------------+---------------+----------------------------------------------+
; Parameter Name         ; Value         ; Type                                         ;
+------------------------+---------------+----------------------------------------------+
; AUTO_CARRY_CHAINS      ; ON            ; AUTO_CARRY                                   ;
; IGNORE_CARRY_BUFFERS   ; OFF           ; IGNORE_CARRY                                 ;
; AUTO_CASCADE_CHAINS    ; ON            ; AUTO_CASCADE                                 ;
; IGNORE_CASCADE_BUFFERS ; OFF           ; IGNORE_CASCADE                               ;
; LPM_WIDTH              ; 4             ; Signed Integer                               ;
; LPM_SIZE               ; 8             ; Signed Integer                               ;
; LPM_WIDTHS             ; 3             ; Signed Integer                               ;
; LPM_PIPELINE           ; 0             ; Signed Integer                               ;
; CBXI_PARAMETER         ; mux_nbe       ; Untyped                                      ;
; DEVICE_FAMILY          ; Cyclone IV GX ; Untyped                                      ;
+------------------------+---------------+----------------------------------------------+
Note: In order to hide this table in the UI and the text report file, please set the "Show Parameter Settings in Synthesis Report" option in "Analysis and Synthesis Settings -> More Settings" to "Off".


+---------------------------------------------------------------------------------------------------+
; Parameter Settings for User Entity Instance: lpm_clshift1:inst4|lpm_clshift:LPM_CLSHIFT_component ;
+----------------+-----------------+----------------------------------------------------------------+
; Parameter Name ; Value           ; Type                                                           ;
+----------------+-----------------+----------------------------------------------------------------+
; LPM_PIPELINE   ; 0               ; Untyped                                                        ;
; LPM_SHIFTTYPE  ; LOGICAL         ; Untyped                                                        ;
; LPM_WIDTH      ; 28              ; Signed Integer                                                 ;
; LPM_WIDTHDIST  ; 2               ; Signed Integer                                                 ;
; CBXI_PARAMETER ; lpm_clshift_0lb ; Untyped                                                        ;
+----------------+-----------------+----------------------------------------------------------------+
Note: In order to hide this table in the UI and the text report file, please set the "Show Parameter Settings in Synthesis Report" option in "Analysis and Synthesis Settings -> More Settings" to "Off".


+---------------------------------------------------------------------------------------+
; Parameter Settings for User Entity Instance: lpm_mux4:inst5|LPM_MUX:LPM_MUX_component ;
+------------------------+---------------+----------------------------------------------+
; Parameter Name         ; Value         ; Type                                         ;
+------------------------+---------------+----------------------------------------------+
; AUTO_CARRY_CHAINS      ; ON            ; AUTO_CARRY                                   ;
; IGNORE_CARRY_BUFFERS   ; OFF           ; IGNORE_CARRY                                 ;
; AUTO_CASCADE_CHAINS    ; ON            ; AUTO_CASCADE                                 ;
; IGNORE_CASCADE_BUFFERS ; OFF           ; IGNORE_CASCADE                               ;
; LPM_WIDTH              ; 2             ; Signed Integer                               ;
; LPM_SIZE               ; 2             ; Signed Integer                               ;
; LPM_WIDTHS             ; 1             ; Signed Integer                               ;
; LPM_PIPELINE           ; 0             ; Signed Integer                               ;
; CBXI_PARAMETER         ; mux_dbe       ; Untyped                                      ;
; DEVICE_FAMILY          ; Cyclone IV GX ; Untyped                                      ;
+------------------------+---------------+----------------------------------------------+
Note: In order to hide this table in the UI and the text report file, please set the "Show Parameter Settings in Synthesis Report" option in "Analysis and Synthesis Settings -> More Settings" to "Off".


+-------------------------------+
; Elapsed Time Per Partition    ;
+----------------+--------------+
; Partition Name ; Elapsed Time ;
+----------------+--------------+
; Top            ; 00:00:01     ;
+----------------+--------------+


+-------------------------------+
; Analysis & Synthesis Messages ;
+-------------------------------+
Info: *******************************************************************
Info: Running Quartus II 64-Bit Analysis & Synthesis
    Info: Version 13.0.1 Build 232 06/12/2013 Service Pack 1 SJ Web Edition
    Info: Processing started: Tue May 04 00:12:08 2021
Info: Command: quartus_map --read_settings_files=on --write_settings_files=off CA6 -c CA6
Warning (20028): Parallel compilation is not licensed and has been disabled
Info (12021): Found 1 design units, including 1 entities, in source file ca6.bdf
    Info (12023): Found entity 1: CA6
Info (12021): Found 2 design units, including 1 entities, in source file lpm_mux3.vhd
    Info (12022): Found design unit 1: lpm_mux3-SYN
    Info (12023): Found entity 1: lpm_mux3
Info (12021): Found 2 design units, including 1 entities, in source file lpm_clshift1.vhd
    Info (12022): Found design unit 1: lpm_clshift1-SYN
    Info (12023): Found entity 1: lpm_clshift1
Info (12021): Found 2 design units, including 1 entities, in source file lpm_mux4.vhd
    Info (12022): Found design unit 1: lpm_mux4-SYN
    Info (12023): Found entity 1: lpm_mux4
Info (12127): Elaborating entity "CA6" for the top level hierarchy
Warning (275008): Primitive "NOT" of instance "inst2" not used
Warning (12125): Using design file lpm_mux0.vhd, which is not specified as a design file for the current project, but contains definitions for 2 design units and 1 entities in project
    Info (12022): Found design unit 1: lpm_mux0-SYN
    Info (12023): Found entity 1: lpm_mux0
Info (12128): Elaborating entity "lpm_mux0" for hierarchy "lpm_mux0:inst66"
Info (12128): Elaborating entity "LPM_MUX" for hierarchy "lpm_mux0:inst66|LPM_MUX:LPM_MUX_component"
Info (12130): Elaborated megafunction instantiation "lpm_mux0:inst66|LPM_MUX:LPM_MUX_component"
Info (12133): Instantiated megafunction "lpm_mux0:inst66|LPM_MUX:LPM_MUX_component" with the following parameter:
    Info (12134): Parameter "LPM_WIDTH" = "32"
    Info (12134): Parameter "LPM_SIZE" = "4"
    Info (12134): Parameter "LPM_WIDTHS" = "2"
    Info (12134): Parameter "LPM_PIPELINE" = "2"
    Info (12134): Parameter "LPM_TYPE" = "LPM_MUX"
    Info (12134): Parameter "LPM_HINT" = "UNUSED"
Info (12021): Found 1 design units, including 1 entities, in source file db/mux_hue.tdf
    Info (12023): Found entity 1: mux_hue
Info (12128): Elaborating entity "mux_hue" for hierarchy "lpm_mux0:inst66|LPM_MUX:LPM_MUX_component|mux_hue:auto_generated"
Warning (12125): Using design file lpm_add_sub0.vhd, which is not specified as a design file for the current project, but contains definitions for 2 design units and 1 entities in project
    Info (12022): Found design unit 1: lpm_add_sub0-SYN
    Info (12023): Found entity 1: lpm_add_sub0
Info (12128): Elaborating entity "lpm_add_sub0" for hierarchy "lpm_add_sub0:inst77"
Info (12128): Elaborating entity "lpm_add_sub" for hierarchy "lpm_add_sub0:inst77|lpm_add_sub:LPM_ADD_SUB_component"
Info (12130): Elaborated megafunction instantiation "lpm_add_sub0:inst77|lpm_add_sub:LPM_ADD_SUB_component"
Info (12133): Instantiated megafunction "lpm_add_sub0:inst77|lpm_add_sub:LPM_ADD_SUB_component" with the following parameter:
    Info (12134): Parameter "lpm_direction" = "ADD"
    Info (12134): Parameter "lpm_hint" = "ONE_INPUT_IS_CONSTANT=NO,CIN_USED=NO"
    Info (12134): Parameter "lpm_representation" = "SIGNED"
    Info (12134): Parameter "lpm_type" = "LPM_ADD_SUB"
    Info (12134): Parameter "lpm_width" = "32"
Info (12021): Found 1 design units, including 1 entities, in source file db/add_sub_2nh.tdf
    Info (12023): Found entity 1: add_sub_2nh
Info (12128): Elaborating entity "add_sub_2nh" for hierarchy "lpm_add_sub0:inst77|lpm_add_sub:LPM_ADD_SUB_component|add_sub_2nh:auto_generated"
Warning (12125): Using design file lpm_clshift0.vhd, which is not specified as a design file for the current project, but contains definitions for 2 design units and 1 entities in project
    Info (12022): Found design unit 1: lpm_clshift0-SYN
    Info (12023): Found entity 1: lpm_clshift0
Info (12128): Elaborating entity "lpm_clshift0" for hierarchy "lpm_clshift0:inst6"
Info (12128): Elaborating entity "lpm_clshift" for hierarchy "lpm_clshift0:inst6|lpm_clshift:LPM_CLSHIFT_component"
Info (12130): Elaborated megafunction instantiation "lpm_clshift0:inst6|lpm_clshift:LPM_CLSHIFT_component"
Info (12133): Instantiated megafunction "lpm_clshift0:inst6|lpm_clshift:LPM_CLSHIFT_component" with the following parameter:
    Info (12134): Parameter "lpm_shifttype" = "LOGICAL"
    Info (12134): Parameter "lpm_type" = "LPM_CLSHIFT"
    Info (12134): Parameter "lpm_width" = "32"
    Info (12134): Parameter "lpm_widthdist" = "2"
Info (12021): Found 1 design units, including 1 entities, in source file db/lpm_clshift_rkb.tdf
    Info (12023): Found entity 1: lpm_clshift_rkb
Info (12128): Elaborating entity "lpm_clshift_rkb" for hierarchy "lpm_clshift0:inst6|lpm_clshift:LPM_CLSHIFT_component|lpm_clshift_rkb:auto_generated"
Warning (12125): Using design file lpm_mux1.vhd, which is not specified as a design file for the current project, but contains definitions for 2 design units and 1 entities in project
    Info (12022): Found design unit 1: lpm_mux1-SYN
    Info (12023): Found entity 1: lpm_mux1
Info (12128): Elaborating entity "lpm_mux1" for hierarchy "lpm_mux1:inst41"
Info (12128): Elaborating entity "LPM_MUX" for hierarchy "lpm_mux1:inst41|LPM_MUX:LPM_MUX_component"
Info (12130): Elaborated megafunction instantiation "lpm_mux1:inst41|LPM_MUX:LPM_MUX_component"
Info (12133): Instantiated megafunction "lpm_mux1:inst41|LPM_MUX:LPM_MUX_component" with the following parameter:
    Info (12134): Parameter "LPM_WIDTH" = "16"
    Info (12134): Parameter "LPM_SIZE" = "2"
    Info (12134): Parameter "LPM_WIDTHS" = "1"
    Info (12134): Parameter "LPM_PIPELINE" = "0"
    Info (12134): Parameter "LPM_TYPE" = "LPM_MUX"
    Info (12134): Parameter "LPM_HINT" = "UNUSED"
Info (12021): Found 1 design units, including 1 entities, in source file db/mux_2de.tdf
    Info (12023): Found entity 1: mux_2de
Info (12128): Elaborating entity "mux_2de" for hierarchy "lpm_mux1:inst41|LPM_MUX:LPM_MUX_component|mux_2de:auto_generated"
Info (12128): Elaborating entity "lpm_mux3" for hierarchy "lpm_mux3:inst3"
Info (12128): Elaborating entity "LPM_MUX" for hierarchy "lpm_mux3:inst3|LPM_MUX:LPM_MUX_component"
Info (12130): Elaborated megafunction instantiation "lpm_mux3:inst3|LPM_MUX:LPM_MUX_component"
Info (12133): Instantiated megafunction "lpm_mux3:inst3|LPM_MUX:LPM_MUX_component" with the following parameter:
    Info (12134): Parameter "LPM_WIDTH" = "4"
    Info (12134): Parameter "LPM_SIZE" = "8"
    Info (12134): Parameter "LPM_WIDTHS" = "3"
    Info (12134): Parameter "LPM_PIPELINE" = "0"
    Info (12134): Parameter "LPM_TYPE" = "LPM_MUX"
    Info (12134): Parameter "LPM_HINT" = "UNUSED"
Info (12021): Found 1 design units, including 1 entities, in source file db/mux_nbe.tdf
    Info (12023): Found entity 1: mux_nbe
Info (12128): Elaborating entity "mux_nbe" for hierarchy "lpm_mux3:inst3|LPM_MUX:LPM_MUX_component|mux_nbe:auto_generated"
Info (12128): Elaborating entity "lpm_clshift1" for hierarchy "lpm_clshift1:inst4"
Info (12128): Elaborating entity "lpm_clshift" for hierarchy "lpm_clshift1:inst4|lpm_clshift:LPM_CLSHIFT_component"
Info (12130): Elaborated megafunction instantiation "lpm_clshift1:inst4|lpm_clshift:LPM_CLSHIFT_component"
Info (12133): Instantiated megafunction "lpm_clshift1:inst4|lpm_clshift:LPM_CLSHIFT_component" with the following parameter:
    Info (12134): Parameter "lpm_shifttype" = "LOGICAL"
    Info (12134): Parameter "lpm_type" = "LPM_CLSHIFT"
    Info (12134): Parameter "lpm_width" = "28"
    Info (12134): Parameter "lpm_widthdist" = "2"
Info (12021): Found 1 design units, including 1 entities, in source file db/lpm_clshift_0lb.tdf
    Info (12023): Found entity 1: lpm_clshift_0lb
Info (12128): Elaborating entity "lpm_clshift_0lb" for hierarchy "lpm_clshift1:inst4|lpm_clshift:LPM_CLSHIFT_component|lpm_clshift_0lb:auto_generated"
Info (12128): Elaborating entity "lpm_mux4" for hierarchy "lpm_mux4:inst5"
Info (12128): Elaborating entity "LPM_MUX" for hierarchy "lpm_mux4:inst5|LPM_MUX:LPM_MUX_component"
Info (12130): Elaborated megafunction instantiation "lpm_mux4:inst5|LPM_MUX:LPM_MUX_component"
Info (12133): Instantiated megafunction "lpm_mux4:inst5|LPM_MUX:LPM_MUX_component" with the following parameter:
    Info (12134): Parameter "LPM_WIDTH" = "2"
    Info (12134): Parameter "LPM_SIZE" = "2"
    Info (12134): Parameter "LPM_WIDTHS" = "1"
    Info (12134): Parameter "LPM_PIPELINE" = "0"
    Info (12134): Parameter "LPM_TYPE" = "LPM_MUX"
    Info (12134): Parameter "LPM_HINT" = "UNUSED"
Info (12021): Found 1 design units, including 1 entities, in source file db/mux_dbe.tdf
    Info (12023): Found entity 1: mux_dbe
Info (12128): Elaborating entity "mux_dbe" for hierarchy "lpm_mux4:inst5|LPM_MUX:LPM_MUX_component|mux_dbe:auto_generated"
Info (286030): Timing-Driven Synthesis is running
Info (16010): Generating hard_block partition "hard_block:auto_generated_inst"
    Info (16011): Adding 0 node(s), including 0 DDIO, 0 PLL, 0 transceiver and 0 LCELL
Info (21057): Implemented 510 device resources after synthesis - the final resource count might be different
    Info (21058): Implemented 144 input pins
    Info (21059): Implemented 32 output pins
    Info (21061): Implemented 334 logic cells
Info: Quartus II 64-Bit Analysis & Synthesis was successful. 0 errors, 6 warnings
    Info: Peak virtual memory: 4710 megabytes
    Info: Processing ended: Tue May 04 00:12:17 2021
    Info: Elapsed time: 00:00:09
    Info: Total CPU time (on all processors): 00:00:04


