Flow report for pipeline
Wed Jun 09 00:33:49 2021
Quartus II 64-Bit Version 13.0.1 Build 232 06/12/2013 Service Pack 1 SJ Web Edition


---------------------
; Table of Contents ;
---------------------
  1. Legal Notice
  2. Flow Summary
  3. Flow Settings
  4. Flow Non-Default Global Settings
  5. Flow Elapsed Time
  6. Flow OS Summary
  7. Flow Log
  8. Flow Messages
  9. Flow Suppressed Messages



----------------
; Legal Notice ;
----------------
Copyright (C) 1991-2013 Altera Corporation
Your use of Altera Corporation's design tools, logic functions 
and other software and tools, and its AMPP partner logic 
functions, and any output files from any of the foregoing 
(including device programming or simulation files), and any 
associated documentation or information are expressly subject 
to the terms and conditions of the Altera Program License 
Subscription Agreement, Altera MegaCore Function License 
Agreement, or other applicable license agreement, including, 
without limitation, that your use is for the sole purpose of 
programming logic devices manufactured by Altera and sold by 
Altera or its authorized distributors.  Please refer to the 
applicable agreement for further details.



+--------------------------------------------------------------------------------------+
; Flow Summary                                                                         ;
+------------------------------------+-------------------------------------------------+
; Flow Status                        ; Successful - Wed Jun 09 00:33:44 2021           ;
; Quartus II 64-Bit Version          ; 13.0.1 Build 232 06/12/2013 SP 1 SJ Web Edition ;
; Revision Name                      ; pipeline                                        ;
; Top-level Entity Name              ; pipeline                                        ;
; Family                             ; Cyclone IV GX                                   ;
; Total logic elements               ; 0 / 29,440 ( 0 % )                              ;
;     Total combinational functions  ; 0 / 29,440 ( 0 % )                              ;
;     Dedicated logic registers      ; 0 / 29,440 ( 0 % )                              ;
; Total registers                    ; 0                                               ;
; Total pins                         ; 132 / 307 ( 43 % )                              ;
; Total virtual pins                 ; 0                                               ;
; Total memory bits                  ; 0 / 1,105,920 ( 0 % )                           ;
; Embedded Multiplier 9-bit elements ; 0 / 160 ( 0 % )                                 ;
; Total GXB Receiver Channel PCS     ; 0 / 4 ( 0 % )                                   ;
; Total GXB Receiver Channel PMA     ; 0 / 4 ( 0 % )                                   ;
; Total GXB Transmitter Channel PCS  ; 0 / 4 ( 0 % )                                   ;
; Total GXB Transmitter Channel PMA  ; 0 / 4 ( 0 % )                                   ;
; Total PLLs                         ; 0 / 6 ( 0 % )                                   ;
; Device                             ; EP4CGX30CF23C6                                  ;
; Timing Models                      ; Final                                           ;
+------------------------------------+-------------------------------------------------+


+-----------------------------------------+
; Flow Settings                           ;
+-------------------+---------------------+
; Option            ; Setting             ;
+-------------------+---------------------+
; Start date & time ; 06/09/2021 00:33:24 ;
; Main task         ; Compilation         ;
; Revision Name     ; pipeline            ;
+-------------------+---------------------+


+--------------------------------------------------------------------------------------------------------------------+
; Flow Non-Default Global Settings                                                                                   ;
+-------------------------------------+-------------------------------+---------------+-------------+----------------+
; Assignment Name                     ; Value                         ; Default Value ; Entity Name ; Section Id     ;
+-------------------------------------+-------------------------------+---------------+-------------+----------------+
; COMPILER_SIGNATURE_ID               ; 5311875717288.162318260410780 ; --            ; --          ; --             ;
; EDA_OUTPUT_DATA_FORMAT              ; None                          ; --            ; --          ; eda_simulation ;
; EDA_TIME_SCALE                      ; 1 ps                          ; --            ; --          ; eda_simulation ;
; IP_TOOL_NAME                        ; Shift register (RAM-based)    ; --            ; --          ; --             ;
; IP_TOOL_NAME                        ; LPM_SHIFTREG                  ; --            ; --          ; --             ;
; IP_TOOL_NAME                        ; LPM_SHIFTREG                  ; --            ; --          ; --             ;
; IP_TOOL_NAME                        ; LPM_MUX                       ; --            ; --          ; --             ;
; IP_TOOL_NAME                        ; LPM_MUX                       ; --            ; --          ; --             ;
; IP_TOOL_NAME                        ; LPM_MUX                       ; --            ; --          ; --             ;
; IP_TOOL_NAME                        ; LPM_MUX                       ; --            ; --          ; --             ;
; IP_TOOL_NAME                        ; LPM_MUX                       ; --            ; --          ; --             ;
; IP_TOOL_NAME                        ; LPM_COMPARE                   ; --            ; --          ; --             ;
; IP_TOOL_NAME                        ; LPM_COMPARE                   ; --            ; --          ; --             ;
; IP_TOOL_NAME                        ; LPM_COMPARE                   ; --            ; --          ; --             ;
; IP_TOOL_NAME                        ; LPM_CLSHIFT                   ; --            ; --          ; --             ;
; IP_TOOL_NAME                        ; LPM_CLSHIFT                   ; --            ; --          ; --             ;
; IP_TOOL_NAME                        ; LPM_ADD_SUB                   ; --            ; --          ; --             ;
; IP_TOOL_NAME                        ; LPM_ADD_SUB                   ; --            ; --          ; --             ;
; IP_TOOL_NAME                        ; ALTFP_COMPARE                 ; --            ; --          ; --             ;
; IP_TOOL_NAME                        ; ALTFP_ADD_SUB                 ; --            ; --          ; --             ;
; IP_TOOL_NAME                        ; ALTFP_ADD_SUB                 ; --            ; --          ; --             ;
; IP_TOOL_NAME                        ; ALTFP_ADD_SUB                 ; --            ; --          ; --             ;
; IP_TOOL_NAME                        ; ALTFP_ADD_SUB                 ; --            ; --          ; --             ;
; IP_TOOL_NAME                        ; LPM_MUX                       ; --            ; --          ; --             ;
; IP_TOOL_NAME                        ; LPM_MUX                       ; --            ; --          ; --             ;
; IP_TOOL_NAME                        ; LPM_MUX                       ; --            ; --          ; --             ;
; IP_TOOL_NAME                        ; LPM_MUX                       ; --            ; --          ; --             ;
; IP_TOOL_NAME                        ; LPM_MUX                       ; --            ; --          ; --             ;
; IP_TOOL_VERSION                     ; 13.0                          ; --            ; --          ; --             ;
; IP_TOOL_VERSION                     ; 13.0                          ; --            ; --          ; --             ;
; IP_TOOL_VERSION                     ; 13.0                          ; --            ; --          ; --             ;
; IP_TOOL_VERSION                     ; 13.0                          ; --            ; --          ; --             ;
; IP_TOOL_VERSION                     ; 13.0                          ; --            ; --          ; --             ;
; IP_TOOL_VERSION                     ; 13.0                          ; --            ; --          ; --             ;
; IP_TOOL_VERSION                     ; 13.0                          ; --            ; --          ; --             ;
; IP_TOOL_VERSION                     ; 13.0                          ; --            ; --          ; --             ;
; IP_TOOL_VERSION                     ; 13.0                          ; --            ; --          ; --             ;
; IP_TOOL_VERSION                     ; 13.0                          ; --            ; --          ; --             ;
; IP_TOOL_VERSION                     ; 13.0                          ; --            ; --          ; --             ;
; IP_TOOL_VERSION                     ; 13.0                          ; --            ; --          ; --             ;
; IP_TOOL_VERSION                     ; 13.0                          ; --            ; --          ; --             ;
; IP_TOOL_VERSION                     ; 13.0                          ; --            ; --          ; --             ;
; IP_TOOL_VERSION                     ; 13.0                          ; --            ; --          ; --             ;
; IP_TOOL_VERSION                     ; 13.0                          ; --            ; --          ; --             ;
; IP_TOOL_VERSION                     ; 13.0                          ; --            ; --          ; --             ;
; IP_TOOL_VERSION                     ; 13.0                          ; --            ; --          ; --             ;
; IP_TOOL_VERSION                     ; 13.0                          ; --            ; --          ; --             ;
; IP_TOOL_VERSION                     ; 13.0                          ; --            ; --          ; --             ;
; IP_TOOL_VERSION                     ; 13.0                          ; --            ; --          ; --             ;
; IP_TOOL_VERSION                     ; 13.0                          ; --            ; --          ; --             ;
; IP_TOOL_VERSION                     ; 13.0                          ; --            ; --          ; --             ;
; IP_TOOL_VERSION                     ; 13.0                          ; --            ; --          ; --             ;
; IP_TOOL_VERSION                     ; 13.0                          ; --            ; --          ; --             ;
; MISC_FILE                           ; sr.bsf                        ; --            ; --          ; --             ;
; MISC_FILE                           ; sr.cmp                        ; --            ; --          ; --             ;
; MISC_FILE                           ; shitright.bsf                 ; --            ; --          ; --             ;
; MISC_FILE                           ; shitright.cmp                 ; --            ; --          ; --             ;
; MISC_FILE                           ; shiftregl.bsf                 ; --            ; --          ; --             ;
; MISC_FILE                           ; shiftregl.cmp                 ; --            ; --          ; --             ;
; MISC_FILE                           ; lpm_mux4.bsf                  ; --            ; --          ; --             ;
; MISC_FILE                           ; lpm_mux4.cmp                  ; --            ; --          ; --             ;
; MISC_FILE                           ; lpm_mux3.bsf                  ; --            ; --          ; --             ;
; MISC_FILE                           ; lpm_mux3.cmp                  ; --            ; --          ; --             ;
; MISC_FILE                           ; lpm_mux2.bsf                  ; --            ; --          ; --             ;
; MISC_FILE                           ; lpm_mux2.cmp                  ; --            ; --          ; --             ;
; MISC_FILE                           ; lpm_mux1.bsf                  ; --            ; --          ; --             ;
; MISC_FILE                           ; lpm_mux1.cmp                  ; --            ; --          ; --             ;
; MISC_FILE                           ; lpm_mux0.bsf                  ; --            ; --          ; --             ;
; MISC_FILE                           ; lpm_mux0.cmp                  ; --            ; --          ; --             ;
; MISC_FILE                           ; lpm_compare2.bsf              ; --            ; --          ; --             ;
; MISC_FILE                           ; lpm_compare2.cmp              ; --            ; --          ; --             ;
; MISC_FILE                           ; lpm_compare1.bsf              ; --            ; --          ; --             ;
; MISC_FILE                           ; lpm_compare1.cmp              ; --            ; --          ; --             ;
; MISC_FILE                           ; lpm_compare0.bsf              ; --            ; --          ; --             ;
; MISC_FILE                           ; lpm_compare0.cmp              ; --            ; --          ; --             ;
; MISC_FILE                           ; lpm_clshift1.bsf              ; --            ; --          ; --             ;
; MISC_FILE                           ; lpm_clshift1.cmp              ; --            ; --          ; --             ;
; MISC_FILE                           ; lpm_clshift0.bsf              ; --            ; --          ; --             ;
; MISC_FILE                           ; lpm_clshift0.cmp              ; --            ; --          ; --             ;
; MISC_FILE                           ; lpm_add_sub1.bsf              ; --            ; --          ; --             ;
; MISC_FILE                           ; lpm_add_sub1.cmp              ; --            ; --          ; --             ;
; MISC_FILE                           ; lpm_add_sub0.bsf              ; --            ; --          ; --             ;
; MISC_FILE                           ; lpm_add_sub0.cmp              ; --            ; --          ; --             ;
; MISC_FILE                           ; altfp_compare0.bsf            ; --            ; --          ; --             ;
; MISC_FILE                           ; altfp_compare0.cmp            ; --            ; --          ; --             ;
; MISC_FILE                           ; altfp_add_sub3.bsf            ; --            ; --          ; --             ;
; MISC_FILE                           ; altfp_add_sub3.cmp            ; --            ; --          ; --             ;
; MISC_FILE                           ; altfp_add_sub2.bsf            ; --            ; --          ; --             ;
; MISC_FILE                           ; altfp_add_sub2.cmp            ; --            ; --          ; --             ;
; MISC_FILE                           ; altfp_add_sub1.bsf            ; --            ; --          ; --             ;
; MISC_FILE                           ; altfp_add_sub1.cmp            ; --            ; --          ; --             ;
; MISC_FILE                           ; altfp_add_sub0.bsf            ; --            ; --          ; --             ;
; MISC_FILE                           ; altfp_add_sub0.cmp            ; --            ; --          ; --             ;
; MISC_FILE                           ; lpm_mux5.bsf                  ; --            ; --          ; --             ;
; MISC_FILE                           ; lpm_mux5_bb.v                 ; --            ; --          ; --             ;
; MISC_FILE                           ; lpm_mux6.bsf                  ; --            ; --          ; --             ;
; MISC_FILE                           ; lpm_mux6_bb.v                 ; --            ; --          ; --             ;
; MISC_FILE                           ; lpm_mux7.bsf                  ; --            ; --          ; --             ;
; MISC_FILE                           ; lpm_mux7_bb.v                 ; --            ; --          ; --             ;
; MISC_FILE                           ; lpm_mux8.bsf                  ; --            ; --          ; --             ;
; MISC_FILE                           ; lpm_mux8.cmp                  ; --            ; --          ; --             ;
; MISC_FILE                           ; lpm_mux9.bsf                  ; --            ; --          ; --             ;
; MISC_FILE                           ; lpm_mux9.cmp                  ; --            ; --          ; --             ;
; PARTITION_COLOR                     ; 16764057                      ; --            ; --          ; Top            ;
; PARTITION_FITTER_PRESERVATION_LEVEL ; PLACEMENT_AND_ROUTING         ; --            ; --          ; Top            ;
; PARTITION_NETLIST_TYPE              ; SOURCE                        ; --            ; --          ; Top            ;
; PROJECT_OUTPUT_DIRECTORY            ; output_files                  ; --            ; --          ; --             ;
+-------------------------------------+-------------------------------+---------------+-------------+----------------+


+-------------------------------------------------------------------------------------------------------------------------------+
; Flow Elapsed Time                                                                                                             ;
+---------------------------+--------------+-------------------------+---------------------+------------------------------------+
; Module Name               ; Elapsed Time ; Average Processors Used ; Peak Virtual Memory ; Total CPU Time (on all processors) ;
+---------------------------+--------------+-------------------------+---------------------+------------------------------------+
; Analysis & Synthesis      ; 00:00:05     ; 1.0                     ; 4763 MB             ; 00:00:05                           ;
; Fitter                    ; 00:00:10     ; 1.7                     ; 5560 MB             ; 00:00:13                           ;
; Assembler                 ; 00:00:05     ; 1.0                     ; 4636 MB             ; 00:00:05                           ;
; TimeQuest Timing Analyzer ; 00:00:04     ; 1.0                     ; 4676 MB             ; 00:00:04                           ;
; Total                     ; 00:00:24     ; --                      ; --                  ; 00:00:27                           ;
+---------------------------+--------------+-------------------------+---------------------+------------------------------------+


+----------------------------------------------------------------------------------------+
; Flow OS Summary                                                                        ;
+---------------------------+------------------+-----------+------------+----------------+
; Module Name               ; Machine Hostname ; OS Name   ; OS Version ; Processor type ;
+---------------------------+------------------+-----------+------------+----------------+
; Analysis & Synthesis      ; DESKTOP-FGVC2L9  ; Windows 7 ; 6.2        ; x86_64         ;
; Fitter                    ; DESKTOP-FGVC2L9  ; Windows 7 ; 6.2        ; x86_64         ;
; Assembler                 ; DESKTOP-FGVC2L9  ; Windows 7 ; 6.2        ; x86_64         ;
; TimeQuest Timing Analyzer ; DESKTOP-FGVC2L9  ; Windows 7 ; 6.2        ; x86_64         ;
+---------------------------+------------------+-----------+------------+----------------+


------------
; Flow Log ;
------------
quartus_map --read_settings_files=on --write_settings_files=off pipeline -c pipeline
quartus_fit --read_settings_files=off --write_settings_files=off pipeline -c pipeline
quartus_asm --read_settings_files=off --write_settings_files=off pipeline -c pipeline
quartus_sta pipeline -c pipeline



