Analysis & Synthesis report for ca5
Sun Apr 25 15:05:07 2021
Quartus II 64-Bit Version 13.0.1 Build 232 06/12/2013 Service Pack 1 SJ Web Edition


---------------------
; Table of Contents ;
---------------------
  1. Legal Notice
  2. Analysis & Synthesis Summary
  3. Analysis & Synthesis Settings
  4. Parallel Compilation
  5. Analysis & Synthesis Source Files Read
  6. Analysis & Synthesis Resource Usage Summary
  7. Analysis & Synthesis Resource Utilization by Entity
  8. Analysis & Synthesis IP Cores Summary
  9. General Register Statistics
 10. Multiplexer Restructuring Statistics (Restructuring Performed)
 11. Parameter Settings for User Entity Instance: lpm_add_sub0:inst3|lpm_add_sub:LPM_ADD_SUB_component
 12. Parameter Settings for User Entity Instance: lpm_add_sub1:inst4|lpm_add_sub:LPM_ADD_SUB_component
 13. Parameter Settings for User Entity Instance: lpm_compare2:inst12|lpm_compare:LPM_COMPARE_component
 14. Parameter Settings for User Entity Instance: lpm_compare2:inst11|lpm_compare:LPM_COMPARE_component
 15. Parameter Settings for User Entity Instance: lpm_mux0:inst2|LPM_MUX:LPM_MUX_component
 16. Parameter Settings for User Entity Instance: lpm_clshift1:inst5|lpm_clshift:LPM_CLSHIFT_component
 17. Parameter Settings for User Entity Instance: lpm_clshift0:inst1|lpm_clshift:LPM_CLSHIFT_component
 18. Parameter Settings for User Entity Instance: lpm_compare1:inst7|lpm_compare:LPM_COMPARE_component
 19. Elapsed Time Per Partition
 20. Analysis & Synthesis Messages



----------------
; Legal Notice ;
----------------
Copyright (C) 1991-2013 Altera Corporation
Your use of Altera Corporation's design tools, logic functions 
and other software and tools, and its AMPP partner logic 
functions, and any output files from any of the foregoing 
(including device programming or simulation files), and any 
associated documentation or information are expressly subject 
to the terms and conditions of the Altera Program License 
Subscription Agreement, Altera MegaCore Function License 
Agreement, or other applicable license agreement, including, 
without limitation, that your use is for the sole purpose of 
programming logic devices manufactured by Altera and sold by 
Altera or its authorized distributors.  Please refer to the 
applicable agreement for further details.



+--------------------------------------------------------------------------------------+
; Analysis & Synthesis Summary                                                         ;
+------------------------------------+-------------------------------------------------+
; Analysis & Synthesis Status        ; Successful - Sun Apr 25 15:05:07 2021           ;
; Quartus II 64-Bit Version          ; 13.0.1 Build 232 06/12/2013 SP 1 SJ Web Edition ;
; Revision Name                      ; ca5                                             ;
; Top-level Entity Name              ; ca5                                             ;
; Family                             ; Cyclone IV GX                                   ;
; Total logic elements               ; 674                                             ;
;     Total combinational functions  ; 674                                             ;
;     Dedicated logic registers      ; 0                                               ;
; Total registers                    ; 0                                               ;
; Total pins                         ; 139                                             ;
; Total virtual pins                 ; 0                                               ;
; Total memory bits                  ; 0                                               ;
; Embedded Multiplier 9-bit elements ; 0                                               ;
; Total GXB Receiver Channel PCS     ; 0                                               ;
; Total GXB Receiver Channel PMA     ; 0                                               ;
; Total GXB Transmitter Channel PCS  ; 0                                               ;
; Total GXB Transmitter Channel PMA  ; 0                                               ;
; Total PLLs                         ; 0                                               ;
+------------------------------------+-------------------------------------------------+


+----------------------------------------------------------------------------------------------------------------------+
; Analysis & Synthesis Settings                                                                                        ;
+----------------------------------------------------------------------------+--------------------+--------------------+
; Option                                                                     ; Setting            ; Default Value      ;
+----------------------------------------------------------------------------+--------------------+--------------------+
; Top-level entity name                                                      ; ca5                ; ca5                ;
; Family name                                                                ; Cyclone IV GX      ; Cyclone IV GX      ;
; Use smart compilation                                                      ; Off                ; Off                ;
; Enable parallel Assembler and TimeQuest Timing Analyzer during compilation ; On                 ; On                 ;
; Enable compact report table                                                ; Off                ; Off                ;
; Restructure Multiplexers                                                   ; Auto               ; Auto               ;
; Create Debugging Nodes for IP Cores                                        ; Off                ; Off                ;
; Preserve fewer node names                                                  ; On                 ; On                 ;
; Disable OpenCore Plus hardware evaluation                                  ; Off                ; Off                ;
; Verilog Version                                                            ; Verilog_2001       ; Verilog_2001       ;
; VHDL Version                                                               ; VHDL_1993          ; VHDL_1993          ;
; State Machine Processing                                                   ; Auto               ; Auto               ;
; Safe State Machine                                                         ; Off                ; Off                ;
; Extract Verilog State Machines                                             ; On                 ; On                 ;
; Extract VHDL State Machines                                                ; On                 ; On                 ;
; Ignore Verilog initial constructs                                          ; Off                ; Off                ;
; Iteration limit for constant Verilog loops                                 ; 5000               ; 5000               ;
; Iteration limit for non-constant Verilog loops                             ; 250                ; 250                ;
; Add Pass-Through Logic to Inferred RAMs                                    ; On                 ; On                 ;
; Infer RAMs from Raw Logic                                                  ; On                 ; On                 ;
; Parallel Synthesis                                                         ; On                 ; On                 ;
; DSP Block Balancing                                                        ; Auto               ; Auto               ;
; NOT Gate Push-Back                                                         ; On                 ; On                 ;
; Power-Up Don't Care                                                        ; On                 ; On                 ;
; Remove Redundant Logic Cells                                               ; Off                ; Off                ;
; Remove Duplicate Registers                                                 ; On                 ; On                 ;
; Ignore CARRY Buffers                                                       ; Off                ; Off                ;
; Ignore CASCADE Buffers                                                     ; Off                ; Off                ;
; Ignore GLOBAL Buffers                                                      ; Off                ; Off                ;
; Ignore ROW GLOBAL Buffers                                                  ; Off                ; Off                ;
; Ignore LCELL Buffers                                                       ; Off                ; Off                ;
; Ignore SOFT Buffers                                                        ; On                 ; On                 ;
; Limit AHDL Integers to 32 Bits                                             ; Off                ; Off                ;
; Optimization Technique                                                     ; Balanced           ; Balanced           ;
; Carry Chain Length                                                         ; 70                 ; 70                 ;
; Auto Carry Chains                                                          ; On                 ; On                 ;
; Auto Open-Drain Pins                                                       ; On                 ; On                 ;
; Perform WYSIWYG Primitive Resynthesis                                      ; Off                ; Off                ;
; Auto ROM Replacement                                                       ; On                 ; On                 ;
; Auto RAM Replacement                                                       ; On                 ; On                 ;
; Auto DSP Block Replacement                                                 ; On                 ; On                 ;
; Auto Shift Register Replacement                                            ; Auto               ; Auto               ;
; Allow Shift Register Merging across Hierarchies                            ; Auto               ; Auto               ;
; Auto Clock Enable Replacement                                              ; On                 ; On                 ;
; Strict RAM Replacement                                                     ; Off                ; Off                ;
; Allow Synchronous Control Signals                                          ; On                 ; On                 ;
; Force Use of Synchronous Clear Signals                                     ; Off                ; Off                ;
; Auto RAM Block Balancing                                                   ; On                 ; On                 ;
; Auto RAM to Logic Cell Conversion                                          ; Off                ; Off                ;
; Auto Resource Sharing                                                      ; Off                ; Off                ;
; Allow Any RAM Size For Recognition                                         ; Off                ; Off                ;
; Allow Any ROM Size For Recognition                                         ; Off                ; Off                ;
; Allow Any Shift Register Size For Recognition                              ; Off                ; Off                ;
; Use LogicLock Constraints during Resource Balancing                        ; On                 ; On                 ;
; Ignore translate_off and synthesis_off directives                          ; Off                ; Off                ;
; Timing-Driven Synthesis                                                    ; On                 ; On                 ;
; Report Parameter Settings                                                  ; On                 ; On                 ;
; Report Source Assignments                                                  ; On                 ; On                 ;
; Report Connectivity Checks                                                 ; On                 ; On                 ;
; Ignore Maximum Fan-Out Assignments                                         ; Off                ; Off                ;
; Synchronization Register Chain Length                                      ; 2                  ; 2                  ;
; PowerPlay Power Optimization                                               ; Normal compilation ; Normal compilation ;
; HDL message level                                                          ; Level2             ; Level2             ;
; Suppress Register Optimization Related Messages                            ; Off                ; Off                ;
; Number of Removed Registers Reported in Synthesis Report                   ; 5000               ; 5000               ;
; Number of Swept Nodes Reported in Synthesis Report                         ; 5000               ; 5000               ;
; Number of Inverted Registers Reported in Synthesis Report                  ; 100                ; 100                ;
; Clock MUX Protection                                                       ; On                 ; On                 ;
; Auto Gated Clock Conversion                                                ; Off                ; Off                ;
; Block Design Naming                                                        ; Auto               ; Auto               ;
; SDC constraint protection                                                  ; Off                ; Off                ;
; Synthesis Effort                                                           ; Auto               ; Auto               ;
; Shift Register Replacement - Allow Asynchronous Clear Signal               ; On                 ; On                 ;
; Pre-Mapping Resynthesis Optimization                                       ; Off                ; Off                ;
; Analysis & Synthesis Message Level                                         ; Medium             ; Medium             ;
; Disable Register Merging Across Hierarchies                                ; Auto               ; Auto               ;
; Resource Aware Inference For Block RAM                                     ; On                 ; On                 ;
; Synthesis Seed                                                             ; 1                  ; 1                  ;
+----------------------------------------------------------------------------+--------------------+--------------------+


+------------------------------------------+
; Parallel Compilation                     ;
+----------------------------+-------------+
; Processors                 ; Number      ;
+----------------------------+-------------+
; Number detected on machine ; 12          ;
; Maximum allowed            ; 6           ;
;                            ;             ;
; Average used               ; 1.00        ;
; Maximum used               ; 1           ;
;                            ;             ;
; Usage by Processor         ; % Time Used ;
;     Processor 1            ; 100.0%      ;
;     Processors 2-12        ;   0.0%      ;
+----------------------------+-------------+


+-------------------------------------------------------------------------------------------------------------------------------------------------------------------------------+
; Analysis & Synthesis Source Files Read                                                                                                                                        ;
+----------------------------------+-----------------+------------------------------------+---------------------------------------------------------------------------+---------+
; File Name with User-Entered Path ; Used in Netlist ; File Type                          ; File Name with Absolute Path                                              ; Library ;
+----------------------------------+-----------------+------------------------------------+---------------------------------------------------------------------------+---------+
; lpm_mux0.vhd                     ; yes             ; User Wizard-Generated File         ; D:/prj/ca/5/lpm_mux0.vhd                                                  ;         ;
; ca5.bdf                          ; yes             ; User Block Diagram/Schematic File  ; D:/prj/ca/5/ca5.bdf                                                       ;         ;
; lpm_clshift0.vhd                 ; yes             ; User Wizard-Generated File         ; D:/prj/ca/5/lpm_clshift0.vhd                                              ;         ;
; lpm_clshift1.vhd                 ; yes             ; User Wizard-Generated File         ; D:/prj/ca/5/lpm_clshift1.vhd                                              ;         ;
; lpm_add_sub0.vhd                 ; yes             ; User Wizard-Generated File         ; D:/prj/ca/5/lpm_add_sub0.vhd                                              ;         ;
; lpm_add_sub1.vhd                 ; yes             ; User Wizard-Generated File         ; D:/prj/ca/5/lpm_add_sub1.vhd                                              ;         ;
; lpm_compare1.vhd                 ; yes             ; User Wizard-Generated File         ; D:/prj/ca/5/lpm_compare1.vhd                                              ;         ;
; lpm_compare2.vhd                 ; yes             ; User Wizard-Generated File         ; D:/prj/ca/5/lpm_compare2.vhd                                              ;         ;
; lpm_add_sub.tdf                  ; yes             ; Megafunction                       ; c:/altera/13.0sp1/quartus/libraries/megafunctions/lpm_add_sub.tdf         ;         ;
; addcore.inc                      ; yes             ; Megafunction                       ; c:/altera/13.0sp1/quartus/libraries/megafunctions/addcore.inc             ;         ;
; look_add.inc                     ; yes             ; Megafunction                       ; c:/altera/13.0sp1/quartus/libraries/megafunctions/look_add.inc            ;         ;
; bypassff.inc                     ; yes             ; Megafunction                       ; c:/altera/13.0sp1/quartus/libraries/megafunctions/bypassff.inc            ;         ;
; altshift.inc                     ; yes             ; Megafunction                       ; c:/altera/13.0sp1/quartus/libraries/megafunctions/altshift.inc            ;         ;
; alt_stratix_add_sub.inc          ; yes             ; Megafunction                       ; c:/altera/13.0sp1/quartus/libraries/megafunctions/alt_stratix_add_sub.inc ;         ;
; aglobal130.inc                   ; yes             ; Megafunction                       ; c:/altera/13.0sp1/quartus/libraries/megafunctions/aglobal130.inc          ;         ;
; db/add_sub_mji.tdf               ; yes             ; Auto-Generated Megafunction        ; D:/prj/ca/5/db/add_sub_mji.tdf                                            ;         ;
; db/add_sub_3oh.tdf               ; yes             ; Auto-Generated Megafunction        ; D:/prj/ca/5/db/add_sub_3oh.tdf                                            ;         ;
; lpm_compare.tdf                  ; yes             ; Megafunction                       ; c:/altera/13.0sp1/quartus/libraries/megafunctions/lpm_compare.tdf         ;         ;
; comptree.inc                     ; yes             ; Megafunction                       ; c:/altera/13.0sp1/quartus/libraries/megafunctions/comptree.inc            ;         ;
; db/cmpr_3kg.tdf                  ; yes             ; Auto-Generated Megafunction        ; D:/prj/ca/5/db/cmpr_3kg.tdf                                               ;         ;
; lpm_mux.tdf                      ; yes             ; Megafunction                       ; c:/altera/13.0sp1/quartus/libraries/megafunctions/lpm_mux.tdf             ;         ;
; muxlut.inc                       ; yes             ; Megafunction                       ; c:/altera/13.0sp1/quartus/libraries/megafunctions/muxlut.inc              ;         ;
; db/mux_7de.tdf                   ; yes             ; Auto-Generated Megafunction        ; D:/prj/ca/5/db/mux_7de.tdf                                                ;         ;
; lpm_clshift.tdf                  ; yes             ; Megafunction                       ; c:/altera/13.0sp1/quartus/libraries/megafunctions/lpm_clshift.tdf         ;         ;
; db/lpm_clshift_vjc.tdf           ; yes             ; Auto-Generated Megafunction        ; D:/prj/ca/5/db/lpm_clshift_vjc.tdf                                        ;         ;
; db/lpm_clshift_ukb.tdf           ; yes             ; Auto-Generated Megafunction        ; D:/prj/ca/5/db/lpm_clshift_ukb.tdf                                        ;         ;
; db/cmpr_akg.tdf                  ; yes             ; Auto-Generated Megafunction        ; D:/prj/ca/5/db/cmpr_akg.tdf                                               ;         ;
+----------------------------------+-----------------+------------------------------------+---------------------------------------------------------------------------+---------+


+---------------------------------------------+
; Analysis & Synthesis Resource Usage Summary ;
+--------------------------+------------------+
; Resource                 ; Usage            ;
+--------------------------+------------------+
; I/O pins                 ; 139              ;
; DSP block 9-bit elements ; 0                ;
; Maximum fan-out node     ; C[0]~input       ;
; Maximum fan-out          ; 114              ;
; Total fan-out            ; 2535             ;
; Average fan-out          ; 2.66             ;
+--------------------------+------------------+


+-----------------------------------------------------------------------------------------------------------------------------------------------------------------------------------------------------------------------------------------------------------------------------+
; Analysis & Synthesis Resource Utilization by Entity                                                                                                                                                                                                                         ;
+-------------------------------------------+-------------------+--------------+-------------+--------------+---------+-----------+-----------+------+--------------+------------------------------------------------------------------------------------------+--------------+
; Compilation Hierarchy Node                ; LC Combinationals ; LC Registers ; Memory Bits ; DSP Elements ; DSP 9x9 ; DSP 18x18 ; DSP 36x36 ; Pins ; Virtual Pins ; Full Hierarchy Name                                                                      ; Library Name ;
+-------------------------------------------+-------------------+--------------+-------------+--------------+---------+-----------+-----------+------+--------------+------------------------------------------------------------------------------------------+--------------+
; |ca5                                      ; 674 (2)           ; 0 (0)        ; 0           ; 0            ; 0       ; 0         ; 0         ; 139  ; 0            ; |ca5                                                                                     ; work         ;
;    |lpm_add_sub0:inst3|                   ; 33 (0)            ; 0 (0)        ; 0           ; 0            ; 0       ; 0         ; 0         ; 0    ; 0            ; |ca5|lpm_add_sub0:inst3                                                                  ; work         ;
;       |lpm_add_sub:LPM_ADD_SUB_component| ; 33 (0)            ; 0 (0)        ; 0           ; 0            ; 0       ; 0         ; 0         ; 0    ; 0            ; |ca5|lpm_add_sub0:inst3|lpm_add_sub:LPM_ADD_SUB_component                                ; work         ;
;          |add_sub_mji:auto_generated|     ; 33 (33)           ; 0 (0)        ; 0           ; 0            ; 0       ; 0         ; 0         ; 0    ; 0            ; |ca5|lpm_add_sub0:inst3|lpm_add_sub:LPM_ADD_SUB_component|add_sub_mji:auto_generated     ; work         ;
;    |lpm_add_sub1:inst4|                   ; 32 (0)            ; 0 (0)        ; 0           ; 0            ; 0       ; 0         ; 0         ; 0    ; 0            ; |ca5|lpm_add_sub1:inst4                                                                  ; work         ;
;       |lpm_add_sub:LPM_ADD_SUB_component| ; 32 (0)            ; 0 (0)        ; 0           ; 0            ; 0       ; 0         ; 0         ; 0    ; 0            ; |ca5|lpm_add_sub1:inst4|lpm_add_sub:LPM_ADD_SUB_component                                ; work         ;
;          |add_sub_3oh:auto_generated|     ; 32 (32)           ; 0 (0)        ; 0           ; 0            ; 0       ; 0         ; 0         ; 0    ; 0            ; |ca5|lpm_add_sub1:inst4|lpm_add_sub:LPM_ADD_SUB_component|add_sub_3oh:auto_generated     ; work         ;
;    |lpm_clshift0:inst1|                   ; 158 (0)           ; 0 (0)        ; 0           ; 0            ; 0       ; 0         ; 0         ; 0    ; 0            ; |ca5|lpm_clshift0:inst1                                                                  ; work         ;
;       |lpm_clshift:LPM_CLSHIFT_component| ; 158 (0)           ; 0 (0)        ; 0           ; 0            ; 0       ; 0         ; 0         ; 0    ; 0            ; |ca5|lpm_clshift0:inst1|lpm_clshift:LPM_CLSHIFT_component                                ; work         ;
;          |lpm_clshift_ukb:auto_generated| ; 158 (158)         ; 0 (0)        ; 0           ; 0            ; 0       ; 0         ; 0         ; 0    ; 0            ; |ca5|lpm_clshift0:inst1|lpm_clshift:LPM_CLSHIFT_component|lpm_clshift_ukb:auto_generated ; work         ;
;    |lpm_clshift1:inst5|                   ; 154 (0)           ; 0 (0)        ; 0           ; 0            ; 0       ; 0         ; 0         ; 0    ; 0            ; |ca5|lpm_clshift1:inst5                                                                  ; work         ;
;       |lpm_clshift:LPM_CLSHIFT_component| ; 154 (0)           ; 0 (0)        ; 0           ; 0            ; 0       ; 0         ; 0         ; 0    ; 0            ; |ca5|lpm_clshift1:inst5|lpm_clshift:LPM_CLSHIFT_component                                ; work         ;
;          |lpm_clshift_vjc:auto_generated| ; 154 (154)         ; 0 (0)        ; 0           ; 0            ; 0       ; 0         ; 0         ; 0    ; 0            ; |ca5|lpm_clshift1:inst5|lpm_clshift:LPM_CLSHIFT_component|lpm_clshift_vjc:auto_generated ; work         ;
;    |lpm_compare1:inst7|                   ; 32 (0)            ; 0 (0)        ; 0           ; 0            ; 0       ; 0         ; 0         ; 0    ; 0            ; |ca5|lpm_compare1:inst7                                                                  ; work         ;
;       |lpm_compare:LPM_COMPARE_component| ; 32 (0)            ; 0 (0)        ; 0           ; 0            ; 0       ; 0         ; 0         ; 0    ; 0            ; |ca5|lpm_compare1:inst7|lpm_compare:LPM_COMPARE_component                                ; work         ;
;          |cmpr_akg:auto_generated|        ; 32 (32)           ; 0 (0)        ; 0           ; 0            ; 0       ; 0         ; 0         ; 0    ; 0            ; |ca5|lpm_compare1:inst7|lpm_compare:LPM_COMPARE_component|cmpr_akg:auto_generated        ; work         ;
;    |lpm_compare2:inst11|                  ; 21 (0)            ; 0 (0)        ; 0           ; 0            ; 0       ; 0         ; 0         ; 0    ; 0            ; |ca5|lpm_compare2:inst11                                                                 ; work         ;
;       |lpm_compare:LPM_COMPARE_component| ; 21 (0)            ; 0 (0)        ; 0           ; 0            ; 0       ; 0         ; 0         ; 0    ; 0            ; |ca5|lpm_compare2:inst11|lpm_compare:LPM_COMPARE_component                               ; work         ;
;          |cmpr_3kg:auto_generated|        ; 21 (21)           ; 0 (0)        ; 0           ; 0            ; 0       ; 0         ; 0         ; 0    ; 0            ; |ca5|lpm_compare2:inst11|lpm_compare:LPM_COMPARE_component|cmpr_3kg:auto_generated       ; work         ;
;    |lpm_compare2:inst12|                  ; 21 (0)            ; 0 (0)        ; 0           ; 0            ; 0       ; 0         ; 0         ; 0    ; 0            ; |ca5|lpm_compare2:inst12                                                                 ; work         ;
;       |lpm_compare:LPM_COMPARE_component| ; 21 (0)            ; 0 (0)        ; 0           ; 0            ; 0       ; 0         ; 0         ; 0    ; 0            ; |ca5|lpm_compare2:inst12|lpm_compare:LPM_COMPARE_component                               ; work         ;
;          |cmpr_3kg:auto_generated|        ; 21 (21)           ; 0 (0)        ; 0           ; 0            ; 0       ; 0         ; 0         ; 0    ; 0            ; |ca5|lpm_compare2:inst12|lpm_compare:LPM_COMPARE_component|cmpr_3kg:auto_generated       ; work         ;
;    |lpm_mux0:inst2|                       ; 221 (0)           ; 0 (0)        ; 0           ; 0            ; 0       ; 0         ; 0         ; 0    ; 0            ; |ca5|lpm_mux0:inst2                                                                      ; work         ;
;       |lpm_mux:LPM_MUX_component|         ; 221 (0)           ; 0 (0)        ; 0           ; 0            ; 0       ; 0         ; 0         ; 0    ; 0            ; |ca5|lpm_mux0:inst2|lpm_mux:LPM_MUX_component                                            ; work         ;
;          |mux_7de:auto_generated|         ; 221 (221)         ; 0 (0)        ; 0           ; 0            ; 0       ; 0         ; 0         ; 0    ; 0            ; |ca5|lpm_mux0:inst2|lpm_mux:LPM_MUX_component|mux_7de:auto_generated                     ; work         ;
+-------------------------------------------+-------------------+--------------+-------------+--------------+---------+-----------+-----------+------+--------------+------------------------------------------------------------------------------------------+--------------+
Note: For table entries with two numbers listed, the numbers in parentheses indicate the number of resources of the given type used by the specific entity alone. The numbers listed outside of parentheses indicate the total resources of the given type used by the specific entity and all of its sub-entities in the hierarchy.


+-------------------------------------------------------------------------------------------------------------------------+
; Analysis & Synthesis IP Cores Summary                                                                                   ;
+--------+--------------+---------+--------------+--------------+--------------------------+------------------------------+
; Vendor ; IP Core Name ; Version ; Release Date ; License Type ; Entity Instance          ; IP Include File              ;
+--------+--------------+---------+--------------+--------------+--------------------------+------------------------------+
; Altera ; LPM_CLSHIFT  ; 13.0    ; N/A          ; N/A          ; |ca5|lpm_clshift0:inst1  ; D:/prj/ca/5/lpm_clshift0.vhd ;
; Altera ; LPM_MUX      ; 13.0    ; N/A          ; N/A          ; |ca5|lpm_mux0:inst2      ; D:/prj/ca/5/lpm_mux0.vhd     ;
; Altera ; LPM_ADD_SUB  ; 13.0    ; N/A          ; N/A          ; |ca5|lpm_add_sub0:inst3  ; D:/prj/ca/5/lpm_add_sub0.vhd ;
; Altera ; LPM_ADD_SUB  ; 13.0    ; N/A          ; N/A          ; |ca5|lpm_add_sub1:inst4  ; D:/prj/ca/5/lpm_add_sub1.vhd ;
; Altera ; LPM_CLSHIFT  ; 13.0    ; N/A          ; N/A          ; |ca5|lpm_clshift1:inst5  ; D:/prj/ca/5/lpm_clshift1.vhd ;
; Altera ; LPM_COMPARE  ; 13.0    ; N/A          ; N/A          ; |ca5|lpm_compare1:inst7  ; D:/prj/ca/5/lpm_compare1.vhd ;
; Altera ; LPM_COMPARE  ; 13.0    ; N/A          ; N/A          ; |ca5|lpm_compare2:inst11 ; D:/prj/ca/5/lpm_compare2.vhd ;
; Altera ; LPM_COMPARE  ; 13.0    ; N/A          ; N/A          ; |ca5|lpm_compare2:inst12 ; D:/prj/ca/5/lpm_compare2.vhd ;
+--------+--------------+---------+--------------+--------------+--------------------------+------------------------------+


+------------------------------------------------------+
; General Register Statistics                          ;
+----------------------------------------------+-------+
; Statistic                                    ; Value ;
+----------------------------------------------+-------+
; Total registers                              ; 0     ;
; Number of registers using Synchronous Clear  ; 0     ;
; Number of registers using Synchronous Load   ; 0     ;
; Number of registers using Asynchronous Clear ; 0     ;
; Number of registers using Asynchronous Load  ; 0     ;
; Number of registers using Clock Enable       ; 0     ;
; Number of registers using Preset             ; 0     ;
+----------------------------------------------+-------+


+--------------------------------------------------------------------------------------------------------------------------------------------------------------------------------------------------------------------+
; Multiplexer Restructuring Statistics (Restructuring Performed)                                                                                                                                                     ;
+--------------------+-----------+---------------+----------------------+------------------------+------------+------------------------------------------------------------------------------------------------------+
; Multiplexer Inputs ; Bus Width ; Baseline Area ; Area if Restructured ; Saving if Restructured ; Registered ; Example Multiplexer Output                                                                           ;
+--------------------+-----------+---------------+----------------------+------------------------+------------+------------------------------------------------------------------------------------------------------+
; 3:1                ; 16 bits   ; 32 LEs        ; 32 LEs               ; 0 LEs                  ; No         ; |ca5|lpm_clshift0:inst1|lpm_clshift:LPM_CLSHIFT_component|lpm_clshift_ukb:auto_generated|sbit_w[177] ;
; 4:1                ; 8 bits    ; 16 LEs        ; 16 LEs               ; 0 LEs                  ; No         ; |ca5|lpm_clshift0:inst1|lpm_clshift:LPM_CLSHIFT_component|lpm_clshift_ukb:auto_generated|sbit_w[186] ;
; 5:1                ; 4 bits    ; 12 LEs        ; 12 LEs               ; 0 LEs                  ; No         ; |ca5|lpm_clshift0:inst1|lpm_clshift:LPM_CLSHIFT_component|lpm_clshift_ukb:auto_generated|sbit_w[188] ;
; 6:1                ; 4 bits    ; 16 LEs        ; 16 LEs               ; 0 LEs                  ; No         ; |ca5|lpm_clshift0:inst1|lpm_clshift:LPM_CLSHIFT_component|lpm_clshift_ukb:auto_generated|sbit_w[190] ;
+--------------------+-----------+---------------+----------------------+------------------------+------------+------------------------------------------------------------------------------------------------------+


+---------------------------------------------------------------------------------------------------+
; Parameter Settings for User Entity Instance: lpm_add_sub0:inst3|lpm_add_sub:LPM_ADD_SUB_component ;
+------------------------+---------------+----------------------------------------------------------+
; Parameter Name         ; Value         ; Type                                                     ;
+------------------------+---------------+----------------------------------------------------------+
; LPM_WIDTH              ; 32            ; Signed Integer                                           ;
; LPM_REPRESENTATION     ; SIGNED        ; Untyped                                                  ;
; LPM_DIRECTION          ; ADD           ; Untyped                                                  ;
; ONE_INPUT_IS_CONSTANT  ; NO            ; Untyped                                                  ;
; LPM_PIPELINE           ; 0             ; Untyped                                                  ;
; MAXIMIZE_SPEED         ; 5             ; Untyped                                                  ;
; REGISTERED_AT_END      ; 0             ; Untyped                                                  ;
; OPTIMIZE_FOR_SPEED     ; 5             ; Untyped                                                  ;
; USE_CS_BUFFERS         ; 1             ; Untyped                                                  ;
; CARRY_CHAIN            ; MANUAL        ; Untyped                                                  ;
; CARRY_CHAIN_LENGTH     ; 48            ; CARRY_CHAIN_LENGTH                                       ;
; DEVICE_FAMILY          ; Cyclone IV GX ; Untyped                                                  ;
; USE_WYS                ; OFF           ; Untyped                                                  ;
; STYLE                  ; FAST          ; Untyped                                                  ;
; CBXI_PARAMETER         ; add_sub_mji   ; Untyped                                                  ;
; AUTO_CARRY_CHAINS      ; ON            ; AUTO_CARRY                                               ;
; IGNORE_CARRY_BUFFERS   ; OFF           ; IGNORE_CARRY                                             ;
; AUTO_CASCADE_CHAINS    ; ON            ; AUTO_CASCADE                                             ;
; IGNORE_CASCADE_BUFFERS ; OFF           ; IGNORE_CASCADE                                           ;
+------------------------+---------------+----------------------------------------------------------+
Note: In order to hide this table in the UI and the text report file, please set the "Show Parameter Settings in Synthesis Report" option in "Analysis and Synthesis Settings -> More Settings" to "Off".


+---------------------------------------------------------------------------------------------------+
; Parameter Settings for User Entity Instance: lpm_add_sub1:inst4|lpm_add_sub:LPM_ADD_SUB_component ;
+------------------------+---------------+----------------------------------------------------------+
; Parameter Name         ; Value         ; Type                                                     ;
+------------------------+---------------+----------------------------------------------------------+
; LPM_WIDTH              ; 32            ; Signed Integer                                           ;
; LPM_REPRESENTATION     ; SIGNED        ; Untyped                                                  ;
; LPM_DIRECTION          ; SUB           ; Untyped                                                  ;
; ONE_INPUT_IS_CONSTANT  ; NO            ; Untyped                                                  ;
; LPM_PIPELINE           ; 0             ; Untyped                                                  ;
; MAXIMIZE_SPEED         ; 5             ; Untyped                                                  ;
; REGISTERED_AT_END      ; 0             ; Untyped                                                  ;
; OPTIMIZE_FOR_SPEED     ; 5             ; Untyped                                                  ;
; USE_CS_BUFFERS         ; 1             ; Untyped                                                  ;
; CARRY_CHAIN            ; MANUAL        ; Untyped                                                  ;
; CARRY_CHAIN_LENGTH     ; 48            ; CARRY_CHAIN_LENGTH                                       ;
; DEVICE_FAMILY          ; Cyclone IV GX ; Untyped                                                  ;
; USE_WYS                ; OFF           ; Untyped                                                  ;
; STYLE                  ; FAST          ; Untyped                                                  ;
; CBXI_PARAMETER         ; add_sub_3oh   ; Untyped                                                  ;
; AUTO_CARRY_CHAINS      ; ON            ; AUTO_CARRY                                               ;
; IGNORE_CARRY_BUFFERS   ; OFF           ; IGNORE_CARRY                                             ;
; AUTO_CASCADE_CHAINS    ; ON            ; AUTO_CASCADE                                             ;
; IGNORE_CASCADE_BUFFERS ; OFF           ; IGNORE_CASCADE                                           ;
+------------------------+---------------+----------------------------------------------------------+
Note: In order to hide this table in the UI and the text report file, please set the "Show Parameter Settings in Synthesis Report" option in "Analysis and Synthesis Settings -> More Settings" to "Off".


+----------------------------------------------------------------------------------------------------+
; Parameter Settings for User Entity Instance: lpm_compare2:inst12|lpm_compare:LPM_COMPARE_component ;
+------------------------+---------------+-----------------------------------------------------------+
; Parameter Name         ; Value         ; Type                                                      ;
+------------------------+---------------+-----------------------------------------------------------+
; lpm_width              ; 32            ; Signed Integer                                            ;
; LPM_REPRESENTATION     ; SIGNED        ; Untyped                                                   ;
; LPM_PIPELINE           ; 0             ; Untyped                                                   ;
; CHAIN_SIZE             ; 8             ; Untyped                                                   ;
; ONE_INPUT_IS_CONSTANT  ; NO            ; Untyped                                                   ;
; CARRY_CHAIN            ; MANUAL        ; Untyped                                                   ;
; CASCADE_CHAIN          ; MANUAL        ; Untyped                                                   ;
; CARRY_CHAIN_LENGTH     ; 48            ; CARRY_CHAIN_LENGTH                                        ;
; CASCADE_CHAIN_LENGTH   ; 2             ; CASCADE_CHAIN_LENGTH                                      ;
; DEVICE_FAMILY          ; Cyclone IV GX ; Untyped                                                   ;
; CBXI_PARAMETER         ; cmpr_3kg      ; Untyped                                                   ;
; AUTO_CARRY_CHAINS      ; ON            ; AUTO_CARRY                                                ;
; IGNORE_CARRY_BUFFERS   ; OFF           ; IGNORE_CARRY                                              ;
; AUTO_CASCADE_CHAINS    ; ON            ; AUTO_CASCADE                                              ;
; IGNORE_CASCADE_BUFFERS ; OFF           ; IGNORE_CASCADE                                            ;
+------------------------+---------------+-----------------------------------------------------------+
Note: In order to hide this table in the UI and the text report file, please set the "Show Parameter Settings in Synthesis Report" option in "Analysis and Synthesis Settings -> More Settings" to "Off".


+----------------------------------------------------------------------------------------------------+
; Parameter Settings for User Entity Instance: lpm_compare2:inst11|lpm_compare:LPM_COMPARE_component ;
+------------------------+---------------+-----------------------------------------------------------+
; Parameter Name         ; Value         ; Type                                                      ;
+------------------------+---------------+-----------------------------------------------------------+
; lpm_width              ; 32            ; Signed Integer                                            ;
; LPM_REPRESENTATION     ; SIGNED        ; Untyped                                                   ;
; LPM_PIPELINE           ; 0             ; Untyped                                                   ;
; CHAIN_SIZE             ; 8             ; Untyped                                                   ;
; ONE_INPUT_IS_CONSTANT  ; NO            ; Untyped                                                   ;
; CARRY_CHAIN            ; MANUAL        ; Untyped                                                   ;
; CASCADE_CHAIN          ; MANUAL        ; Untyped                                                   ;
; CARRY_CHAIN_LENGTH     ; 48            ; CARRY_CHAIN_LENGTH                                        ;
; CASCADE_CHAIN_LENGTH   ; 2             ; CASCADE_CHAIN_LENGTH                                      ;
; DEVICE_FAMILY          ; Cyclone IV GX ; Untyped                                                   ;
; CBXI_PARAMETER         ; cmpr_3kg      ; Untyped                                                   ;
; AUTO_CARRY_CHAINS      ; ON            ; AUTO_CARRY                                                ;
; IGNORE_CARRY_BUFFERS   ; OFF           ; IGNORE_CARRY                                              ;
; AUTO_CASCADE_CHAINS    ; ON            ; AUTO_CASCADE                                              ;
; IGNORE_CASCADE_BUFFERS ; OFF           ; IGNORE_CASCADE                                            ;
+------------------------+---------------+-----------------------------------------------------------+
Note: In order to hide this table in the UI and the text report file, please set the "Show Parameter Settings in Synthesis Report" option in "Analysis and Synthesis Settings -> More Settings" to "Off".


+---------------------------------------------------------------------------------------+
; Parameter Settings for User Entity Instance: lpm_mux0:inst2|LPM_MUX:LPM_MUX_component ;
+------------------------+---------------+----------------------------------------------+
; Parameter Name         ; Value         ; Type                                         ;
+------------------------+---------------+----------------------------------------------+
; AUTO_CARRY_CHAINS      ; ON            ; AUTO_CARRY                                   ;
; IGNORE_CARRY_BUFFERS   ; OFF           ; IGNORE_CARRY                                 ;
; AUTO_CASCADE_CHAINS    ; ON            ; AUTO_CASCADE                                 ;
; IGNORE_CASCADE_BUFFERS ; OFF           ; IGNORE_CASCADE                               ;
; LPM_WIDTH              ; 32            ; Signed Integer                               ;
; LPM_SIZE               ; 7             ; Signed Integer                               ;
; LPM_WIDTHS             ; 3             ; Signed Integer                               ;
; LPM_PIPELINE           ; 0             ; Signed Integer                               ;
; CBXI_PARAMETER         ; mux_7de       ; Untyped                                      ;
; DEVICE_FAMILY          ; Cyclone IV GX ; Untyped                                      ;
+------------------------+---------------+----------------------------------------------+
Note: In order to hide this table in the UI and the text report file, please set the "Show Parameter Settings in Synthesis Report" option in "Analysis and Synthesis Settings -> More Settings" to "Off".


+---------------------------------------------------------------------------------------------------+
; Parameter Settings for User Entity Instance: lpm_clshift1:inst5|lpm_clshift:LPM_CLSHIFT_component ;
+----------------+-----------------+----------------------------------------------------------------+
; Parameter Name ; Value           ; Type                                                           ;
+----------------+-----------------+----------------------------------------------------------------+
; LPM_PIPELINE   ; 0               ; Untyped                                                        ;
; LPM_SHIFTTYPE  ; LOGICAL         ; Untyped                                                        ;
; LPM_WIDTH      ; 32              ; Signed Integer                                                 ;
; LPM_WIDTHDIST  ; 5               ; Signed Integer                                                 ;
; CBXI_PARAMETER ; lpm_clshift_vjc ; Untyped                                                        ;
+----------------+-----------------+----------------------------------------------------------------+
Note: In order to hide this table in the UI and the text report file, please set the "Show Parameter Settings in Synthesis Report" option in "Analysis and Synthesis Settings -> More Settings" to "Off".


+---------------------------------------------------------------------------------------------------+
; Parameter Settings for User Entity Instance: lpm_clshift0:inst1|lpm_clshift:LPM_CLSHIFT_component ;
+----------------+-----------------+----------------------------------------------------------------+
; Parameter Name ; Value           ; Type                                                           ;
+----------------+-----------------+----------------------------------------------------------------+
; LPM_PIPELINE   ; 0               ; Untyped                                                        ;
; LPM_SHIFTTYPE  ; LOGICAL         ; Untyped                                                        ;
; LPM_WIDTH      ; 32              ; Signed Integer                                                 ;
; LPM_WIDTHDIST  ; 5               ; Signed Integer                                                 ;
; CBXI_PARAMETER ; lpm_clshift_ukb ; Untyped                                                        ;
+----------------+-----------------+----------------------------------------------------------------+
Note: In order to hide this table in the UI and the text report file, please set the "Show Parameter Settings in Synthesis Report" option in "Analysis and Synthesis Settings -> More Settings" to "Off".


+---------------------------------------------------------------------------------------------------+
; Parameter Settings for User Entity Instance: lpm_compare1:inst7|lpm_compare:LPM_COMPARE_component ;
+------------------------+---------------+----------------------------------------------------------+
; Parameter Name         ; Value         ; Type                                                     ;
+------------------------+---------------+----------------------------------------------------------+
; lpm_width              ; 32            ; Signed Integer                                           ;
; LPM_REPRESENTATION     ; SIGNED        ; Untyped                                                  ;
; LPM_PIPELINE           ; 0             ; Untyped                                                  ;
; CHAIN_SIZE             ; 8             ; Untyped                                                  ;
; ONE_INPUT_IS_CONSTANT  ; NO            ; Untyped                                                  ;
; CARRY_CHAIN            ; MANUAL        ; Untyped                                                  ;
; CASCADE_CHAIN          ; MANUAL        ; Untyped                                                  ;
; CARRY_CHAIN_LENGTH     ; 48            ; CARRY_CHAIN_LENGTH                                       ;
; CASCADE_CHAIN_LENGTH   ; 2             ; CASCADE_CHAIN_LENGTH                                     ;
; DEVICE_FAMILY          ; Cyclone IV GX ; Untyped                                                  ;
; CBXI_PARAMETER         ; cmpr_akg      ; Untyped                                                  ;
; AUTO_CARRY_CHAINS      ; ON            ; AUTO_CARRY                                               ;
; IGNORE_CARRY_BUFFERS   ; OFF           ; IGNORE_CARRY                                             ;
; AUTO_CASCADE_CHAINS    ; ON            ; AUTO_CASCADE                                             ;
; IGNORE_CASCADE_BUFFERS ; OFF           ; IGNORE_CASCADE                                           ;
+------------------------+---------------+----------------------------------------------------------+
Note: In order to hide this table in the UI and the text report file, please set the "Show Parameter Settings in Synthesis Report" option in "Analysis and Synthesis Settings -> More Settings" to "Off".


+-------------------------------+
; Elapsed Time Per Partition    ;
+----------------+--------------+
; Partition Name ; Elapsed Time ;
+----------------+--------------+
; Top            ; 00:00:02     ;
+----------------+--------------+


+-------------------------------+
; Analysis & Synthesis Messages ;
+-------------------------------+
Info: *******************************************************************
Info: Running Quartus II 64-Bit Analysis & Synthesis
    Info: Version 13.0.1 Build 232 06/12/2013 Service Pack 1 SJ Web Edition
    Info: Processing started: Sun Apr 25 15:05:00 2021
Info: Command: quartus_map --read_settings_files=on --write_settings_files=off ca5 -c ca5
Info (11104): Parallel Compilation has detected 12 hyper-threaded processors. However, the extra hyper-threaded processors will not be used by default. Parallel Compilation will use 6 of the 6 physical processors detected instead.
Info (12021): Found 2 design units, including 1 entities, in source file lpm_mux0.vhd
    Info (12022): Found design unit 1: lpm_mux0-SYN
    Info (12023): Found entity 1: lpm_mux0
Info (12021): Found 44 design units, including 22 entities, in source file altfp_add_sub0.vhd
    Info (12022): Found design unit 1: altfp_add_sub0_altbarrel_shift_t8e-RTL
    Info (12022): Found design unit 2: altfp_add_sub0_altbarrel_shift_ipb-RTL
    Info (12022): Found design unit 3: altfp_add_sub0_altpriority_encoder_3e8-RTL
    Info (12022): Found design unit 4: altfp_add_sub0_altpriority_encoder_6e8-RTL
    Info (12022): Found design unit 5: altfp_add_sub0_altpriority_encoder_be8-RTL
    Info (12022): Found design unit 6: altfp_add_sub0_altpriority_encoder_3v7-RTL
    Info (12022): Found design unit 7: altfp_add_sub0_altpriority_encoder_6v7-RTL
    Info (12022): Found design unit 8: altfp_add_sub0_altpriority_encoder_bv7-RTL
    Info (12022): Found design unit 9: altfp_add_sub0_altpriority_encoder_r08-RTL
    Info (12022): Found design unit 10: altfp_add_sub0_altpriority_encoder_rf8-RTL
    Info (12022): Found design unit 11: altfp_add_sub0_altpriority_encoder_qb6-RTL
    Info (12022): Found design unit 12: altfp_add_sub0_altpriority_encoder_nh8-RTL
    Info (12022): Found design unit 13: altfp_add_sub0_altpriority_encoder_qh8-RTL
    Info (12022): Found design unit 14: altfp_add_sub0_altpriority_encoder_vh8-RTL
    Info (12022): Found design unit 15: altfp_add_sub0_altpriority_encoder_fj8-RTL
    Info (12022): Found design unit 16: altfp_add_sub0_altpriority_encoder_n28-RTL
    Info (12022): Found design unit 17: altfp_add_sub0_altpriority_encoder_q28-RTL
    Info (12022): Found design unit 18: altfp_add_sub0_altpriority_encoder_v28-RTL
    Info (12022): Found design unit 19: altfp_add_sub0_altpriority_encoder_f48-RTL
    Info (12022): Found design unit 20: altfp_add_sub0_altpriority_encoder_e48-RTL
    Info (12022): Found design unit 21: altfp_add_sub0_altfp_add_sub_jkk-RTL
    Info (12022): Found design unit 22: altfp_add_sub0-RTL
    Info (12023): Found entity 1: altfp_add_sub0_altbarrel_shift_t8e
    Info (12023): Found entity 2: altfp_add_sub0_altbarrel_shift_ipb
    Info (12023): Found entity 3: altfp_add_sub0_altpriority_encoder_3e8
    Info (12023): Found entity 4: altfp_add_sub0_altpriority_encoder_6e8
    Info (12023): Found entity 5: altfp_add_sub0_altpriority_encoder_be8
    Info (12023): Found entity 6: altfp_add_sub0_altpriority_encoder_3v7
    Info (12023): Found entity 7: altfp_add_sub0_altpriority_encoder_6v7
    Info (12023): Found entity 8: altfp_add_sub0_altpriority_encoder_bv7
    Info (12023): Found entity 9: altfp_add_sub0_altpriority_encoder_r08
    Info (12023): Found entity 10: altfp_add_sub0_altpriority_encoder_rf8
    Info (12023): Found entity 11: altfp_add_sub0_altpriority_encoder_qb6
    Info (12023): Found entity 12: altfp_add_sub0_altpriority_encoder_nh8
    Info (12023): Found entity 13: altfp_add_sub0_altpriority_encoder_qh8
    Info (12023): Found entity 14: altfp_add_sub0_altpriority_encoder_vh8
    Info (12023): Found entity 15: altfp_add_sub0_altpriority_encoder_fj8
    Info (12023): Found entity 16: altfp_add_sub0_altpriority_encoder_n28
    Info (12023): Found entity 17: altfp_add_sub0_altpriority_encoder_q28
    Info (12023): Found entity 18: altfp_add_sub0_altpriority_encoder_v28
    Info (12023): Found entity 19: altfp_add_sub0_altpriority_encoder_f48
    Info (12023): Found entity 20: altfp_add_sub0_altpriority_encoder_e48
    Info (12023): Found entity 21: altfp_add_sub0_altfp_add_sub_jkk
    Info (12023): Found entity 22: altfp_add_sub0
Info (12021): Found 44 design units, including 22 entities, in source file altfp_add_sub1.vhd
    Info (12022): Found design unit 1: altfp_add_sub1_altbarrel_shift_t8e-RTL
    Info (12022): Found design unit 2: altfp_add_sub1_altbarrel_shift_3cg-RTL
    Info (12022): Found design unit 3: altfp_add_sub1_altpriority_encoder_3e8-RTL
    Info (12022): Found design unit 4: altfp_add_sub1_altpriority_encoder_6e8-RTL
    Info (12022): Found design unit 5: altfp_add_sub1_altpriority_encoder_be8-RTL
    Info (12022): Found design unit 6: altfp_add_sub1_altpriority_encoder_3v7-RTL
    Info (12022): Found design unit 7: altfp_add_sub1_altpriority_encoder_6v7-RTL
    Info (12022): Found design unit 8: altfp_add_sub1_altpriority_encoder_bv7-RTL
    Info (12022): Found design unit 9: altfp_add_sub1_altpriority_encoder_uv8-RTL
    Info (12022): Found design unit 10: altfp_add_sub1_altpriority_encoder_ue9-RTL
    Info (12022): Found design unit 11: altfp_add_sub1_altpriority_encoder_ou8-RTL
    Info (12022): Found design unit 12: altfp_add_sub1_altpriority_encoder_nh8-RTL
    Info (12022): Found design unit 13: altfp_add_sub1_altpriority_encoder_qh8-RTL
    Info (12022): Found design unit 14: altfp_add_sub1_altpriority_encoder_vh8-RTL
    Info (12022): Found design unit 15: altfp_add_sub1_altpriority_encoder_ii9-RTL
    Info (12022): Found design unit 16: altfp_add_sub1_altpriority_encoder_n28-RTL
    Info (12022): Found design unit 17: altfp_add_sub1_altpriority_encoder_q28-RTL
    Info (12022): Found design unit 18: altfp_add_sub1_altpriority_encoder_v28-RTL
    Info (12022): Found design unit 19: altfp_add_sub1_altpriority_encoder_i39-RTL
    Info (12022): Found design unit 20: altfp_add_sub1_altpriority_encoder_cna-RTL
    Info (12022): Found design unit 21: altfp_add_sub1_altfp_add_sub_eqj-RTL
    Info (12022): Found design unit 22: altfp_add_sub1-RTL
    Info (12023): Found entity 1: altfp_add_sub1_altbarrel_shift_t8e
    Info (12023): Found entity 2: altfp_add_sub1_altbarrel_shift_3cg
    Info (12023): Found entity 3: altfp_add_sub1_altpriority_encoder_3e8
    Info (12023): Found entity 4: altfp_add_sub1_altpriority_encoder_6e8
    Info (12023): Found entity 5: altfp_add_sub1_altpriority_encoder_be8
    Info (12023): Found entity 6: altfp_add_sub1_altpriority_encoder_3v7
    Info (12023): Found entity 7: altfp_add_sub1_altpriority_encoder_6v7
    Info (12023): Found entity 8: altfp_add_sub1_altpriority_encoder_bv7
    Info (12023): Found entity 9: altfp_add_sub1_altpriority_encoder_uv8
    Info (12023): Found entity 10: altfp_add_sub1_altpriority_encoder_ue9
    Info (12023): Found entity 11: altfp_add_sub1_altpriority_encoder_ou8
    Info (12023): Found entity 12: altfp_add_sub1_altpriority_encoder_nh8
    Info (12023): Found entity 13: altfp_add_sub1_altpriority_encoder_qh8
    Info (12023): Found entity 14: altfp_add_sub1_altpriority_encoder_vh8
    Info (12023): Found entity 15: altfp_add_sub1_altpriority_encoder_ii9
    Info (12023): Found entity 16: altfp_add_sub1_altpriority_encoder_n28
    Info (12023): Found entity 17: altfp_add_sub1_altpriority_encoder_q28
    Info (12023): Found entity 18: altfp_add_sub1_altpriority_encoder_v28
    Info (12023): Found entity 19: altfp_add_sub1_altpriority_encoder_i39
    Info (12023): Found entity 20: altfp_add_sub1_altpriority_encoder_cna
    Info (12023): Found entity 21: altfp_add_sub1_altfp_add_sub_eqj
    Info (12023): Found entity 22: altfp_add_sub1
Info (12021): Found 2 design units, including 1 entities, in source file sr.vhd
    Info (12022): Found design unit 1: sr-SYN
    Info (12023): Found entity 1: sr
Info (12021): Found 2 design units, including 1 entities, in source file shiftregl.vhd
    Info (12022): Found design unit 1: shiftregl-SYN
    Info (12023): Found entity 1: shiftregl
Info (12021): Found 2 design units, including 1 entities, in source file shitright.vhd
    Info (12022): Found design unit 1: shitright-SYN
    Info (12023): Found entity 1: shitright
Info (12021): Found 4 design units, including 2 entities, in source file altfp_compare0.vhd
    Info (12022): Found design unit 1: altfp_compare0_altfp_compare_4cb-RTL
    Info (12022): Found design unit 2: altfp_compare0-RTL
    Info (12023): Found entity 1: altfp_compare0_altfp_compare_4cb
    Info (12023): Found entity 2: altfp_compare0
Info (12021): Found 1 design units, including 1 entities, in source file ca5.bdf
    Info (12023): Found entity 1: ca5
Info (12021): Found 44 design units, including 22 entities, in source file altfp_add_sub2.vhd
    Info (12022): Found design unit 1: altfp_add_sub2_altbarrel_shift_t8e-RTL
    Info (12022): Found design unit 2: altfp_add_sub2_altbarrel_shift_ipb-RTL
    Info (12022): Found design unit 3: altfp_add_sub2_altpriority_encoder_3e8-RTL
    Info (12022): Found design unit 4: altfp_add_sub2_altpriority_encoder_6e8-RTL
    Info (12022): Found design unit 5: altfp_add_sub2_altpriority_encoder_be8-RTL
    Info (12022): Found design unit 6: altfp_add_sub2_altpriority_encoder_3v7-RTL
    Info (12022): Found design unit 7: altfp_add_sub2_altpriority_encoder_6v7-RTL
    Info (12022): Found design unit 8: altfp_add_sub2_altpriority_encoder_bv7-RTL
    Info (12022): Found design unit 9: altfp_add_sub2_altpriority_encoder_r08-RTL
    Info (12022): Found design unit 10: altfp_add_sub2_altpriority_encoder_rf8-RTL
    Info (12022): Found design unit 11: altfp_add_sub2_altpriority_encoder_qb6-RTL
    Info (12022): Found design unit 12: altfp_add_sub2_altpriority_encoder_nh8-RTL
    Info (12022): Found design unit 13: altfp_add_sub2_altpriority_encoder_qh8-RTL
    Info (12022): Found design unit 14: altfp_add_sub2_altpriority_encoder_vh8-RTL
    Info (12022): Found design unit 15: altfp_add_sub2_altpriority_encoder_fj8-RTL
    Info (12022): Found design unit 16: altfp_add_sub2_altpriority_encoder_n28-RTL
    Info (12022): Found design unit 17: altfp_add_sub2_altpriority_encoder_q28-RTL
    Info (12022): Found design unit 18: altfp_add_sub2_altpriority_encoder_v28-RTL
    Info (12022): Found design unit 19: altfp_add_sub2_altpriority_encoder_f48-RTL
    Info (12022): Found design unit 20: altfp_add_sub2_altpriority_encoder_e48-RTL
    Info (12022): Found design unit 21: altfp_add_sub2_altfp_add_sub_0pj-RTL
    Info (12022): Found design unit 22: altfp_add_sub2-RTL
    Info (12023): Found entity 1: altfp_add_sub2_altbarrel_shift_t8e
    Info (12023): Found entity 2: altfp_add_sub2_altbarrel_shift_ipb
    Info (12023): Found entity 3: altfp_add_sub2_altpriority_encoder_3e8
    Info (12023): Found entity 4: altfp_add_sub2_altpriority_encoder_6e8
    Info (12023): Found entity 5: altfp_add_sub2_altpriority_encoder_be8
    Info (12023): Found entity 6: altfp_add_sub2_altpriority_encoder_3v7
    Info (12023): Found entity 7: altfp_add_sub2_altpriority_encoder_6v7
    Info (12023): Found entity 8: altfp_add_sub2_altpriority_encoder_bv7
    Info (12023): Found entity 9: altfp_add_sub2_altpriority_encoder_r08
    Info (12023): Found entity 10: altfp_add_sub2_altpriority_encoder_rf8
    Info (12023): Found entity 11: altfp_add_sub2_altpriority_encoder_qb6
    Info (12023): Found entity 12: altfp_add_sub2_altpriority_encoder_nh8
    Info (12023): Found entity 13: altfp_add_sub2_altpriority_encoder_qh8
    Info (12023): Found entity 14: altfp_add_sub2_altpriority_encoder_vh8
    Info (12023): Found entity 15: altfp_add_sub2_altpriority_encoder_fj8
    Info (12023): Found entity 16: altfp_add_sub2_altpriority_encoder_n28
    Info (12023): Found entity 17: altfp_add_sub2_altpriority_encoder_q28
    Info (12023): Found entity 18: altfp_add_sub2_altpriority_encoder_v28
    Info (12023): Found entity 19: altfp_add_sub2_altpriority_encoder_f48
    Info (12023): Found entity 20: altfp_add_sub2_altpriority_encoder_e48
    Info (12023): Found entity 21: altfp_add_sub2_altfp_add_sub_0pj
    Info (12023): Found entity 22: altfp_add_sub2
Info (12021): Found 2 design units, including 1 entities, in source file lpm_clshift0.vhd
    Info (12022): Found design unit 1: lpm_clshift0-SYN
    Info (12023): Found entity 1: lpm_clshift0
Info (12021): Found 2 design units, including 1 entities, in source file lpm_clshift1.vhd
    Info (12022): Found design unit 1: lpm_clshift1-SYN
    Info (12023): Found entity 1: lpm_clshift1
Info (12021): Found 44 design units, including 22 entities, in source file altfp_add_sub3.vhd
    Info (12022): Found design unit 1: altfp_add_sub3_altbarrel_shift_t8e-RTL
    Info (12022): Found design unit 2: altfp_add_sub3_altbarrel_shift_ipb-RTL
    Info (12022): Found design unit 3: altfp_add_sub3_altpriority_encoder_3e8-RTL
    Info (12022): Found design unit 4: altfp_add_sub3_altpriority_encoder_6e8-RTL
    Info (12022): Found design unit 5: altfp_add_sub3_altpriority_encoder_be8-RTL
    Info (12022): Found design unit 6: altfp_add_sub3_altpriority_encoder_3v7-RTL
    Info (12022): Found design unit 7: altfp_add_sub3_altpriority_encoder_6v7-RTL
    Info (12022): Found design unit 8: altfp_add_sub3_altpriority_encoder_bv7-RTL
    Info (12022): Found design unit 9: altfp_add_sub3_altpriority_encoder_r08-RTL
    Info (12022): Found design unit 10: altfp_add_sub3_altpriority_encoder_rf8-RTL
    Info (12022): Found design unit 11: altfp_add_sub3_altpriority_encoder_qb6-RTL
    Info (12022): Found design unit 12: altfp_add_sub3_altpriority_encoder_nh8-RTL
    Info (12022): Found design unit 13: altfp_add_sub3_altpriority_encoder_qh8-RTL
    Info (12022): Found design unit 14: altfp_add_sub3_altpriority_encoder_vh8-RTL
    Info (12022): Found design unit 15: altfp_add_sub3_altpriority_encoder_fj8-RTL
    Info (12022): Found design unit 16: altfp_add_sub3_altpriority_encoder_n28-RTL
    Info (12022): Found design unit 17: altfp_add_sub3_altpriority_encoder_q28-RTL
    Info (12022): Found design unit 18: altfp_add_sub3_altpriority_encoder_v28-RTL
    Info (12022): Found design unit 19: altfp_add_sub3_altpriority_encoder_f48-RTL
    Info (12022): Found design unit 20: altfp_add_sub3_altpriority_encoder_e48-RTL
    Info (12022): Found design unit 21: altfp_add_sub3_altfp_add_sub_2tl-RTL
    Info (12022): Found design unit 22: altfp_add_sub3-RTL
    Info (12023): Found entity 1: altfp_add_sub3_altbarrel_shift_t8e
    Info (12023): Found entity 2: altfp_add_sub3_altbarrel_shift_ipb
    Info (12023): Found entity 3: altfp_add_sub3_altpriority_encoder_3e8
    Info (12023): Found entity 4: altfp_add_sub3_altpriority_encoder_6e8
    Info (12023): Found entity 5: altfp_add_sub3_altpriority_encoder_be8
    Info (12023): Found entity 6: altfp_add_sub3_altpriority_encoder_3v7
    Info (12023): Found entity 7: altfp_add_sub3_altpriority_encoder_6v7
    Info (12023): Found entity 8: altfp_add_sub3_altpriority_encoder_bv7
    Info (12023): Found entity 9: altfp_add_sub3_altpriority_encoder_r08
    Info (12023): Found entity 10: altfp_add_sub3_altpriority_encoder_rf8
    Info (12023): Found entity 11: altfp_add_sub3_altpriority_encoder_qb6
    Info (12023): Found entity 12: altfp_add_sub3_altpriority_encoder_nh8
    Info (12023): Found entity 13: altfp_add_sub3_altpriority_encoder_qh8
    Info (12023): Found entity 14: altfp_add_sub3_altpriority_encoder_vh8
    Info (12023): Found entity 15: altfp_add_sub3_altpriority_encoder_fj8
    Info (12023): Found entity 16: altfp_add_sub3_altpriority_encoder_n28
    Info (12023): Found entity 17: altfp_add_sub3_altpriority_encoder_q28
    Info (12023): Found entity 18: altfp_add_sub3_altpriority_encoder_v28
    Info (12023): Found entity 19: altfp_add_sub3_altpriority_encoder_f48
    Info (12023): Found entity 20: altfp_add_sub3_altpriority_encoder_e48
    Info (12023): Found entity 21: altfp_add_sub3_altfp_add_sub_2tl
    Info (12023): Found entity 22: altfp_add_sub3
Info (12021): Found 2 design units, including 1 entities, in source file lpm_add_sub0.vhd
    Info (12022): Found design unit 1: lpm_add_sub0-SYN
    Info (12023): Found entity 1: lpm_add_sub0
Info (12021): Found 2 design units, including 1 entities, in source file lpm_add_sub1.vhd
    Info (12022): Found design unit 1: lpm_add_sub1-SYN
    Info (12023): Found entity 1: lpm_add_sub1
Info (12021): Found 2 design units, including 1 entities, in source file lpm_compare0.vhd
    Info (12022): Found design unit 1: lpm_compare0-SYN
    Info (12023): Found entity 1: lpm_compare0
Info (12021): Found 2 design units, including 1 entities, in source file lpm_compare1.vhd
    Info (12022): Found design unit 1: lpm_compare1-SYN
    Info (12023): Found entity 1: lpm_compare1
Info (12021): Found 2 design units, including 1 entities, in source file lpm_compare2.vhd
    Info (12022): Found design unit 1: lpm_compare2-SYN
    Info (12023): Found entity 1: lpm_compare2
Info (12127): Elaborating entity "ca5" for the top level hierarchy
Warning (275085): Found inconsistent dimensions for element "SLTO"
Warning (275085): Found inconsistent dimensions for element "SLTO"
Warning (275080): Converted elements in bus name "SLTO" using legacy naming rules. Make any assignments on the new names, not on the original names.
    Warning (275081): Converted element name(s) from "SLTO[31..0]" to "SLTO31..0"
    Warning (275081): Converted element name(s) from "SLTO[31..0]" to "SLTO31..0"
    Warning (275081): Converted element name(s) from "SLTO[31..0]" to "SLTO31..0"
    Warning (275081): Converted element name(s) from "SLTO[31..0]" to "SLTO31..0"
Info (12128): Elaborating entity "lpm_add_sub0" for hierarchy "lpm_add_sub0:inst3"
Info (12128): Elaborating entity "lpm_add_sub" for hierarchy "lpm_add_sub0:inst3|lpm_add_sub:LPM_ADD_SUB_component"
Info (12130): Elaborated megafunction instantiation "lpm_add_sub0:inst3|lpm_add_sub:LPM_ADD_SUB_component"
Info (12133): Instantiated megafunction "lpm_add_sub0:inst3|lpm_add_sub:LPM_ADD_SUB_component" with the following parameter:
    Info (12134): Parameter "lpm_direction" = "ADD"
    Info (12134): Parameter "lpm_hint" = "ONE_INPUT_IS_CONSTANT=NO,CIN_USED=NO"
    Info (12134): Parameter "lpm_representation" = "SIGNED"
    Info (12134): Parameter "lpm_type" = "LPM_ADD_SUB"
    Info (12134): Parameter "lpm_width" = "32"
Info (12021): Found 1 design units, including 1 entities, in source file db/add_sub_mji.tdf
    Info (12023): Found entity 1: add_sub_mji
Info (12128): Elaborating entity "add_sub_mji" for hierarchy "lpm_add_sub0:inst3|lpm_add_sub:LPM_ADD_SUB_component|add_sub_mji:auto_generated"
Info (12128): Elaborating entity "lpm_add_sub1" for hierarchy "lpm_add_sub1:inst4"
Info (12128): Elaborating entity "lpm_add_sub" for hierarchy "lpm_add_sub1:inst4|lpm_add_sub:LPM_ADD_SUB_component"
Info (12130): Elaborated megafunction instantiation "lpm_add_sub1:inst4|lpm_add_sub:LPM_ADD_SUB_component"
Info (12133): Instantiated megafunction "lpm_add_sub1:inst4|lpm_add_sub:LPM_ADD_SUB_component" with the following parameter:
    Info (12134): Parameter "lpm_direction" = "SUB"
    Info (12134): Parameter "lpm_hint" = "ONE_INPUT_IS_CONSTANT=NO,CIN_USED=NO"
    Info (12134): Parameter "lpm_representation" = "SIGNED"
    Info (12134): Parameter "lpm_type" = "LPM_ADD_SUB"
    Info (12134): Parameter "lpm_width" = "32"
Info (12021): Found 1 design units, including 1 entities, in source file db/add_sub_3oh.tdf
    Info (12023): Found entity 1: add_sub_3oh
Info (12128): Elaborating entity "add_sub_3oh" for hierarchy "lpm_add_sub1:inst4|lpm_add_sub:LPM_ADD_SUB_component|add_sub_3oh:auto_generated"
Info (12128): Elaborating entity "lpm_compare2" for hierarchy "lpm_compare2:inst12"
Info (12128): Elaborating entity "lpm_compare" for hierarchy "lpm_compare2:inst12|lpm_compare:LPM_COMPARE_component"
Info (12130): Elaborated megafunction instantiation "lpm_compare2:inst12|lpm_compare:LPM_COMPARE_component"
Info (12133): Instantiated megafunction "lpm_compare2:inst12|lpm_compare:LPM_COMPARE_component" with the following parameter:
    Info (12134): Parameter "lpm_representation" = "SIGNED"
    Info (12134): Parameter "lpm_type" = "LPM_COMPARE"
    Info (12134): Parameter "lpm_width" = "32"
Info (12021): Found 1 design units, including 1 entities, in source file db/cmpr_3kg.tdf
    Info (12023): Found entity 1: cmpr_3kg
Info (12128): Elaborating entity "cmpr_3kg" for hierarchy "lpm_compare2:inst12|lpm_compare:LPM_COMPARE_component|cmpr_3kg:auto_generated"
Info (12128): Elaborating entity "lpm_mux0" for hierarchy "lpm_mux0:inst2"
Info (12128): Elaborating entity "LPM_MUX" for hierarchy "lpm_mux0:inst2|LPM_MUX:LPM_MUX_component"
Info (12130): Elaborated megafunction instantiation "lpm_mux0:inst2|LPM_MUX:LPM_MUX_component"
Info (12133): Instantiated megafunction "lpm_mux0:inst2|LPM_MUX:LPM_MUX_component" with the following parameter:
    Info (12134): Parameter "LPM_WIDTH" = "32"
    Info (12134): Parameter "LPM_SIZE" = "7"
    Info (12134): Parameter "LPM_WIDTHS" = "3"
    Info (12134): Parameter "LPM_PIPELINE" = "0"
    Info (12134): Parameter "LPM_TYPE" = "LPM_MUX"
    Info (12134): Parameter "LPM_HINT" = "UNUSED"
Info (12021): Found 1 design units, including 1 entities, in source file db/mux_7de.tdf
    Info (12023): Found entity 1: mux_7de
Info (12128): Elaborating entity "mux_7de" for hierarchy "lpm_mux0:inst2|LPM_MUX:LPM_MUX_component|mux_7de:auto_generated"
Info (12128): Elaborating entity "lpm_clshift1" for hierarchy "lpm_clshift1:inst5"
Info (12128): Elaborating entity "lpm_clshift" for hierarchy "lpm_clshift1:inst5|lpm_clshift:LPM_CLSHIFT_component"
Info (12130): Elaborated megafunction instantiation "lpm_clshift1:inst5|lpm_clshift:LPM_CLSHIFT_component"
Info (12133): Instantiated megafunction "lpm_clshift1:inst5|lpm_clshift:LPM_CLSHIFT_component" with the following parameter:
    Info (12134): Parameter "lpm_shifttype" = "LOGICAL"
    Info (12134): Parameter "lpm_type" = "LPM_CLSHIFT"
    Info (12134): Parameter "lpm_width" = "32"
    Info (12134): Parameter "lpm_widthdist" = "5"
Info (12021): Found 1 design units, including 1 entities, in source file db/lpm_clshift_vjc.tdf
    Info (12023): Found entity 1: lpm_clshift_vjc
Info (12128): Elaborating entity "lpm_clshift_vjc" for hierarchy "lpm_clshift1:inst5|lpm_clshift:LPM_CLSHIFT_component|lpm_clshift_vjc:auto_generated"
Info (12128): Elaborating entity "lpm_clshift0" for hierarchy "lpm_clshift0:inst1"
Info (12128): Elaborating entity "lpm_clshift" for hierarchy "lpm_clshift0:inst1|lpm_clshift:LPM_CLSHIFT_component"
Info (12130): Elaborated megafunction instantiation "lpm_clshift0:inst1|lpm_clshift:LPM_CLSHIFT_component"
Info (12133): Instantiated megafunction "lpm_clshift0:inst1|lpm_clshift:LPM_CLSHIFT_component" with the following parameter:
    Info (12134): Parameter "lpm_shifttype" = "LOGICAL"
    Info (12134): Parameter "lpm_type" = "LPM_CLSHIFT"
    Info (12134): Parameter "lpm_width" = "32"
    Info (12134): Parameter "lpm_widthdist" = "5"
Info (12021): Found 1 design units, including 1 entities, in source file db/lpm_clshift_ukb.tdf
    Info (12023): Found entity 1: lpm_clshift_ukb
Info (12128): Elaborating entity "lpm_clshift_ukb" for hierarchy "lpm_clshift0:inst1|lpm_clshift:LPM_CLSHIFT_component|lpm_clshift_ukb:auto_generated"
Info (12128): Elaborating entity "lpm_compare1" for hierarchy "lpm_compare1:inst7"
Info (12128): Elaborating entity "lpm_compare" for hierarchy "lpm_compare1:inst7|lpm_compare:LPM_COMPARE_component"
Info (12130): Elaborated megafunction instantiation "lpm_compare1:inst7|lpm_compare:LPM_COMPARE_component"
Info (12133): Instantiated megafunction "lpm_compare1:inst7|lpm_compare:LPM_COMPARE_component" with the following parameter:
    Info (12134): Parameter "lpm_representation" = "SIGNED"
    Info (12134): Parameter "lpm_type" = "LPM_COMPARE"
    Info (12134): Parameter "lpm_width" = "32"
Info (12021): Found 1 design units, including 1 entities, in source file db/cmpr_akg.tdf
    Info (12023): Found entity 1: cmpr_akg
Info (12128): Elaborating entity "cmpr_akg" for hierarchy "lpm_compare1:inst7|lpm_compare:LPM_COMPARE_component|cmpr_akg:auto_generated"
Info (286030): Timing-Driven Synthesis is running
Info (16010): Generating hard_block partition "hard_block:auto_generated_inst"
    Info (16011): Adding 0 node(s), including 0 DDIO, 0 PLL, 0 transceiver and 0 LCELL
Info (21057): Implemented 813 device resources after synthesis - the final resource count might be different
    Info (21058): Implemented 104 input pins
    Info (21059): Implemented 35 output pins
    Info (21061): Implemented 674 logic cells
Info: Quartus II 64-Bit Analysis & Synthesis was successful. 0 errors, 7 warnings
    Info: Peak virtual memory: 4765 megabytes
    Info: Processing ended: Sun Apr 25 15:05:07 2021
    Info: Elapsed time: 00:00:07
    Info: Total CPU time (on all processors): 00:00:07


