Flow report for caprj4
Sun Apr 11 21:38:57 2021
Quartus Prime Version 18.1.0 Build 625 09/12/2018 SJ Standard Edition


---------------------
; Table of Contents ;
---------------------
  1. Legal Notice
  2. Flow Summary
  3. Flow Settings
  4. Flow Non-Default Global Settings
  5. Flow Elapsed Time
  6. Flow OS Summary
  7. Flow Log
  8. Flow Messages
  9. Flow Suppressed Messages



----------------
; Legal Notice ;
----------------
Copyright (C) 2018  Intel Corporation. All rights reserved.
Your use of Intel Corporation's design tools, logic functions 
and other software and tools, and its AMPP partner logic 
functions, and any output files from any of the foregoing 
(including device programming or simulation files), and any 
associated documentation or information are expressly subject 
to the terms and conditions of the Intel Program License 
Subscription Agreement, the Intel Quartus Prime License Agreement,
the Intel FPGA IP License Agreement, or other applicable license
agreement, including, without limitation, that your use is for
the sole purpose of programming logic devices manufactured by
Intel and sold by Intel or its authorized distributors.  Please
refer to the applicable agreement for further details.



+-------------------------------------------------------------------------------------+
; Flow Summary                                                                        ;
+-----------------------------------+-------------------------------------------------+
; Flow Status                       ; Successful - Sun Apr 11 21:38:57 2021           ;
; Quartus Prime Version             ; 18.1.0 Build 625 09/12/2018 SJ Standard Edition ;
; Revision Name                     ; caprj4                                          ;
; Top-level Entity Name             ; caprj4                                          ;
; Family                            ; Arria II GZ                                     ;
; Logic utilization                 ; 1 %                                             ;
;     Combinational ALUTs           ; 736 / 179,200 ( < 1 % )                         ;
;     Memory ALUTs                  ; 0 / 89,600 ( 0 % )                              ;
;     Dedicated logic registers     ; 1,024 / 179,200 ( < 1 % )                       ;
; Total registers                   ; 1024                                            ;
; Total pins                        ; 146 / 634 ( 23 % )                              ;
; Total virtual pins                ; 0                                               ;
; Total block memory bits           ; 0 / 11,381,760 ( 0 % )                          ;
; DSP block 18-bit elements         ; 0 / 800 ( 0 % )                                 ;
; Total GXB Receiver Channel PCS    ; 0 / 16 ( 0 % )                                  ;
; Total GXB Receiver Channel PMA    ; 0 / 16 ( 0 % )                                  ;
; Total GXB Transmitter Channel PCS ; 0 / 16 ( 0 % )                                  ;
; Total GXB Transmitter Channel PMA ; 0 / 16 ( 0 % )                                  ;
; Total PLLs                        ; 0 / 6 ( 0 % )                                   ;
; Total DLLs                        ; 0 / 4 ( 0 % )                                   ;
; Device                            ; EP2AGZ225FF35C3                                 ;
; Timing Models                     ; Final                                           ;
+-----------------------------------+-------------------------------------------------+


+-----------------------------------------+
; Flow Settings                           ;
+-------------------+---------------------+
; Option            ; Setting             ;
+-------------------+---------------------+
; Start date & time ; 04/11/2021 19:45:54 ;
; Main task         ; Compilation         ;
; Revision Name     ; caprj4              ;
+-------------------+---------------------+


+-----------------------------------------------------------------------------------------------------------------------------+
; Flow Non-Default Global Settings                                                                                            ;
+-------------------------------------+----------------------------------------+---------------+-------------+----------------+
; Assignment Name                     ; Value                                  ; Default Value ; Entity Name ; Section Id     ;
+-------------------------------------+----------------------------------------+---------------+-------------+----------------+
; COMPILER_SIGNATURE_ID               ; 5311875717288.161815415309432          ; --            ; --          ; --             ;
; EDA_OUTPUT_DATA_FORMAT              ; Vhdl                                   ; --            ; --          ; eda_simulation ;
; EDA_SIMULATION_TOOL                 ; ModelSim-Altera (VHDL)                 ; <None>        ; --          ; --             ;
; PARTITION_COLOR                     ; -- (Not supported for targeted family) ; --            ; --          ; Top            ;
; PARTITION_FITTER_PRESERVATION_LEVEL ; -- (Not supported for targeted family) ; --            ; --          ; Top            ;
; PARTITION_NETLIST_TYPE              ; -- (Not supported for targeted family) ; --            ; --          ; Top            ;
; PROJECT_OUTPUT_DIRECTORY            ; output_files                           ; --            ; --          ; --             ;
+-------------------------------------+----------------------------------------+---------------+-------------+----------------+


+--------------------------------------------------------------------------------------------------------------------------+
; Flow Elapsed Time                                                                                                        ;
+----------------------+--------------+-------------------------+---------------------+------------------------------------+
; Module Name          ; Elapsed Time ; Average Processors Used ; Peak Virtual Memory ; Total CPU Time (on all processors) ;
+----------------------+--------------+-------------------------+---------------------+------------------------------------+
; Analysis & Synthesis ; 00:00:19     ; 1.0                     ; 4868 MB             ; 00:00:40                           ;
; Fitter               ; 00:00:52     ; 1.2                     ; 6196 MB             ; 00:01:12                           ;
; Assembler            ; 00:00:01     ; 1.0                     ; 4750 MB             ; 00:00:01                           ;
; Timing Analyzer      ; 00:00:08     ; 1.5                     ; 5027 MB             ; 00:00:10                           ;
; EDA Netlist Writer   ; 00:00:04     ; 1.0                     ; 4778 MB             ; 00:00:04                           ;
; EDA Netlist Writer   ; 00:00:02     ; 1.0                     ; 4729 MB             ; 00:00:01                           ;
; EDA Netlist Writer   ; 00:00:02     ; 1.0                     ; 4729 MB             ; 00:00:01                           ;
; EDA Netlist Writer   ; 00:00:01     ; 1.0                     ; 4729 MB             ; 00:00:01                           ;
; EDA Netlist Writer   ; 00:00:01     ; 1.0                     ; 4729 MB             ; 00:00:01                           ;
; EDA Netlist Writer   ; 00:00:01     ; 1.0                     ; 4729 MB             ; 00:00:01                           ;
; EDA Netlist Writer   ; 00:00:01     ; 1.0                     ; 4729 MB             ; 00:00:01                           ;
; EDA Netlist Writer   ; 00:00:02     ; 1.0                     ; 4741 MB             ; 00:00:02                           ;
; EDA Netlist Writer   ; 00:00:01     ; 1.0                     ; 4729 MB             ; 00:00:01                           ;
; EDA Netlist Writer   ; 00:00:02     ; 1.0                     ; 4741 MB             ; 00:00:02                           ;
; EDA Netlist Writer   ; 00:00:01     ; 1.0                     ; 4729 MB             ; 00:00:01                           ;
; EDA Netlist Writer   ; 00:00:02     ; 1.0                     ; 4741 MB             ; 00:00:02                           ;
; EDA Netlist Writer   ; 00:00:02     ; 1.0                     ; 4729 MB             ; 00:00:01                           ;
; EDA Netlist Writer   ; 00:00:02     ; 1.0                     ; 4741 MB             ; 00:00:02                           ;
; EDA Netlist Writer   ; 00:00:01     ; 1.0                     ; 4729 MB             ; 00:00:01                           ;
; EDA Netlist Writer   ; 00:00:02     ; 1.0                     ; 4741 MB             ; 00:00:02                           ;
; EDA Netlist Writer   ; 00:00:01     ; 1.0                     ; 4729 MB             ; 00:00:01                           ;
; EDA Netlist Writer   ; 00:00:02     ; 1.0                     ; 4741 MB             ; 00:00:02                           ;
; EDA Netlist Writer   ; 00:00:01     ; 1.0                     ; 4729 MB             ; 00:00:01                           ;
; EDA Netlist Writer   ; 00:00:01     ; 1.0                     ; 4741 MB             ; 00:00:02                           ;
; EDA Netlist Writer   ; 00:00:01     ; 1.0                     ; 4729 MB             ; 00:00:01                           ;
; EDA Netlist Writer   ; 00:00:01     ; 1.0                     ; 4741 MB             ; 00:00:02                           ;
; EDA Netlist Writer   ; 00:00:01     ; 1.0                     ; 4729 MB             ; 00:00:01                           ;
; EDA Netlist Writer   ; 00:00:01     ; 1.0                     ; 4741 MB             ; 00:00:02                           ;
; EDA Netlist Writer   ; 00:00:02     ; 1.0                     ; 4729 MB             ; 00:00:01                           ;
; EDA Netlist Writer   ; 00:00:02     ; 1.0                     ; 4741 MB             ; 00:00:02                           ;
; EDA Netlist Writer   ; 00:00:01     ; 1.0                     ; 4729 MB             ; 00:00:01                           ;
; EDA Netlist Writer   ; 00:00:01     ; 1.0                     ; 4741 MB             ; 00:00:02                           ;
; EDA Netlist Writer   ; 00:00:01     ; 1.0                     ; 4729 MB             ; 00:00:01                           ;
; EDA Netlist Writer   ; 00:00:02     ; 1.0                     ; 4741 MB             ; 00:00:02                           ;
; EDA Netlist Writer   ; 00:00:01     ; 1.0                     ; 4729 MB             ; 00:00:01                           ;
; EDA Netlist Writer   ; 00:00:01     ; 1.0                     ; 4741 MB             ; 00:00:02                           ;
; EDA Netlist Writer   ; 00:00:01     ; 1.0                     ; 4729 MB             ; 00:00:01                           ;
; EDA Netlist Writer   ; 00:00:02     ; 1.0                     ; 4741 MB             ; 00:00:02                           ;
; EDA Netlist Writer   ; 00:00:01     ; 1.0                     ; 4729 MB             ; 00:00:01                           ;
; EDA Netlist Writer   ; 00:00:02     ; 1.0                     ; 4741 MB             ; 00:00:01                           ;
; Total                ; 00:02:13     ; --                      ; --                  ; 00:02:56                           ;
+----------------------+--------------+-------------------------+---------------------+------------------------------------+


+------------------------------------------------------------------------------------+
; Flow OS Summary                                                                    ;
+----------------------+------------------+------------+------------+----------------+
; Module Name          ; Machine Hostname ; OS Name    ; OS Version ; Processor type ;
+----------------------+------------------+------------+------------+----------------+
; Analysis & Synthesis ; DESKTOP-FGVC2L9  ; Windows 10 ; 10.0       ; x86_64         ;
; Fitter               ; DESKTOP-FGVC2L9  ; Windows 10 ; 10.0       ; x86_64         ;
; Assembler            ; DESKTOP-FGVC2L9  ; Windows 10 ; 10.0       ; x86_64         ;
; Timing Analyzer      ; DESKTOP-FGVC2L9  ; Windows 10 ; 10.0       ; x86_64         ;
; EDA Netlist Writer   ; DESKTOP-FGVC2L9  ; Windows 10 ; 10.0       ; x86_64         ;
; EDA Netlist Writer   ; DESKTOP-FGVC2L9  ; Windows 10 ; 10.0       ; x86_64         ;
; EDA Netlist Writer   ; DESKTOP-FGVC2L9  ; Windows 10 ; 10.0       ; x86_64         ;
; EDA Netlist Writer   ; DESKTOP-FGVC2L9  ; Windows 10 ; 10.0       ; x86_64         ;
; EDA Netlist Writer   ; DESKTOP-FGVC2L9  ; Windows 10 ; 10.0       ; x86_64         ;
; EDA Netlist Writer   ; DESKTOP-FGVC2L9  ; Windows 10 ; 10.0       ; x86_64         ;
; EDA Netlist Writer   ; DESKTOP-FGVC2L9  ; Windows 10 ; 10.0       ; x86_64         ;
; EDA Netlist Writer   ; DESKTOP-FGVC2L9  ; Windows 10 ; 10.0       ; x86_64         ;
; EDA Netlist Writer   ; DESKTOP-FGVC2L9  ; Windows 10 ; 10.0       ; x86_64         ;
; EDA Netlist Writer   ; DESKTOP-FGVC2L9  ; Windows 10 ; 10.0       ; x86_64         ;
; EDA Netlist Writer   ; DESKTOP-FGVC2L9  ; Windows 10 ; 10.0       ; x86_64         ;
; EDA Netlist Writer   ; DESKTOP-FGVC2L9  ; Windows 10 ; 10.0       ; x86_64         ;
; EDA Netlist Writer   ; DESKTOP-FGVC2L9  ; Windows 10 ; 10.0       ; x86_64         ;
; EDA Netlist Writer   ; DESKTOP-FGVC2L9  ; Windows 10 ; 10.0       ; x86_64         ;
; EDA Netlist Writer   ; DESKTOP-FGVC2L9  ; Windows 10 ; 10.0       ; x86_64         ;
; EDA Netlist Writer   ; DESKTOP-FGVC2L9  ; Windows 10 ; 10.0       ; x86_64         ;
; EDA Netlist Writer   ; DESKTOP-FGVC2L9  ; Windows 10 ; 10.0       ; x86_64         ;
; EDA Netlist Writer   ; DESKTOP-FGVC2L9  ; Windows 10 ; 10.0       ; x86_64         ;
; EDA Netlist Writer   ; DESKTOP-FGVC2L9  ; Windows 10 ; 10.0       ; x86_64         ;
; EDA Netlist Writer   ; DESKTOP-FGVC2L9  ; Windows 10 ; 10.0       ; x86_64         ;
; EDA Netlist Writer   ; DESKTOP-FGVC2L9  ; Windows 10 ; 10.0       ; x86_64         ;
; EDA Netlist Writer   ; DESKTOP-FGVC2L9  ; Windows 10 ; 10.0       ; x86_64         ;
; EDA Netlist Writer   ; DESKTOP-FGVC2L9  ; Windows 10 ; 10.0       ; x86_64         ;
; EDA Netlist Writer   ; DESKTOP-FGVC2L9  ; Windows 10 ; 10.0       ; x86_64         ;
; EDA Netlist Writer   ; DESKTOP-FGVC2L9  ; Windows 10 ; 10.0       ; x86_64         ;
; EDA Netlist Writer   ; DESKTOP-FGVC2L9  ; Windows 10 ; 10.0       ; x86_64         ;
; EDA Netlist Writer   ; DESKTOP-FGVC2L9  ; Windows 10 ; 10.0       ; x86_64         ;
; EDA Netlist Writer   ; DESKTOP-FGVC2L9  ; Windows 10 ; 10.0       ; x86_64         ;
; EDA Netlist Writer   ; DESKTOP-FGVC2L9  ; Windows 10 ; 10.0       ; x86_64         ;
; EDA Netlist Writer   ; DESKTOP-FGVC2L9  ; Windows 10 ; 10.0       ; x86_64         ;
; EDA Netlist Writer   ; DESKTOP-FGVC2L9  ; Windows 10 ; 10.0       ; x86_64         ;
; EDA Netlist Writer   ; DESKTOP-FGVC2L9  ; Windows 10 ; 10.0       ; x86_64         ;
; EDA Netlist Writer   ; DESKTOP-FGVC2L9  ; Windows 10 ; 10.0       ; x86_64         ;
; EDA Netlist Writer   ; DESKTOP-FGVC2L9  ; Windows 10 ; 10.0       ; x86_64         ;
; EDA Netlist Writer   ; DESKTOP-FGVC2L9  ; Windows 10 ; 10.0       ; x86_64         ;
; EDA Netlist Writer   ; DESKTOP-FGVC2L9  ; Windows 10 ; 10.0       ; x86_64         ;
+----------------------+------------------+------------+------------+----------------+


------------
; Flow Log ;
------------
quartus_map --read_settings_files=on --write_settings_files=off caprj4 -c caprj4
quartus_fit --read_settings_files=off --write_settings_files=off caprj4 -c caprj4
quartus_asm --read_settings_files=off --write_settings_files=off caprj4 -c caprj4
quartus_sta caprj4 -c caprj4
quartus_eda --read_settings_files=off --write_settings_files=off caprj4 -c caprj4
quartus_eda --gen_testbench --tool=modelsim_oem --format=verilog --write_settings_files=off caprj4 -c caprj4 --vector_source=D:/prj/ca/ca4/Waveform4.vwf --testbench_file=D:/prj/ca/ca4/simulation/qsim/Waveform4.vwf.vt
quartus_eda --gen_testbench --tool=modelsim_oem --format=verilog --write_settings_files=off caprj4 -c caprj4 --vector_source=D:/prj/ca/ca4/Waveform3.vwf --testbench_file=D:/prj/ca/ca4/simulation/modelsim/Waveform3.vwf.vt
quartus_eda --gen_testbench --tool=modelsim_oem --format=verilog --write_settings_files=off caprj4 -c caprj4 --vector_source=D:/prj/ca/ca4/Waveform4.vwf --testbench_file=D:/prj/ca/ca4/simulation/qsim/Waveform4.vwf.vt
quartus_eda --gen_testbench --tool=modelsim_oem --format=verilog --write_settings_files=off caprj4 -c caprj4 --vector_source=D:/prj/ca/ca4/Waveform4.vwf --testbench_file=D:/prj/ca/ca4/simulation/qsim/Waveform4.vwf.vt
quartus_eda --gen_testbench --tool=modelsim_oem --format=verilog --write_settings_files=off caprj4 -c caprj4 --vector_source=D:/prj/ca/ca4/Waveform4.vwf --testbench_file=D:/prj/ca/ca4/simulation/qsim/Waveform4.vwf.vt
quartus_eda --gen_testbench --tool=modelsim_oem --format=vhdl --write_settings_files=off caprj4 -c caprj4 --vector_source=D:/prj/ca/ca4/Waveform3.vwf --testbench_file=D:/prj/ca/ca4/simulation/qsim/Waveform3.vwf.vht
quartus_eda --write_settings_files=off --simulation=on --functional=on --flatten_buses=off --tool=modelsim_oem --format=vhdl --output_directory=D:/prj/ca/ca4/simulation/qsim/ caprj4 -c caprj4
quartus_eda --gen_testbench --tool=modelsim_oem --format=vhdl --write_settings_files=off caprj4 -c caprj4 --vector_source=D:/prj/ca/ca4/Waveform3.vwf --testbench_file=D:/prj/ca/ca4/simulation/qsim/Waveform3.vwf.vht
quartus_eda --write_settings_files=off --simulation=on --functional=on --flatten_buses=off --tool=modelsim_oem --format=vhdl --output_directory=D:/prj/ca/ca4/simulation/qsim/ caprj4 -c caprj4
quartus_eda --gen_testbench --tool=modelsim_oem --format=vhdl --write_settings_files=off caprj4 -c caprj4 --vector_source=D:/prj/ca/ca4/Waveform3.vwf --testbench_file=D:/prj/ca/ca4/simulation/qsim/Waveform3.vwf.vht
quartus_eda --write_settings_files=off --simulation=on --functional=on --flatten_buses=off --tool=modelsim_oem --format=vhdl --output_directory=D:/prj/ca/ca4/simulation/qsim/ caprj4 -c caprj4
quartus_eda --gen_testbench --tool=modelsim_oem --format=vhdl --write_settings_files=off caprj4 -c caprj4 --vector_source=D:/prj/ca/ca4/Waveform3.vwf --testbench_file=D:/prj/ca/ca4/simulation/qsim/Waveform3.vwf.vht
quartus_eda --write_settings_files=off --simulation=on --functional=on --flatten_buses=off --tool=modelsim_oem --format=vhdl --output_directory=D:/prj/ca/ca4/simulation/qsim/ caprj4 -c caprj4
quartus_eda --gen_testbench --tool=modelsim_oem --format=vhdl --write_settings_files=off caprj4 -c caprj4 --vector_source=D:/prj/ca/ca4/Waveform3.vwf --testbench_file=D:/prj/ca/ca4/simulation/qsim/Waveform3.vwf.vht
quartus_eda --write_settings_files=off --simulation=on --functional=on --flatten_buses=off --tool=modelsim_oem --format=vhdl --output_directory=D:/prj/ca/ca4/simulation/qsim/ caprj4 -c caprj4
quartus_eda --gen_testbench --tool=modelsim_oem --format=vhdl --write_settings_files=off caprj4 -c caprj4 --vector_source=D:/prj/ca/ca4/Waveform3.vwf --testbench_file=D:/prj/ca/ca4/simulation/qsim/Waveform3.vwf.vht
quartus_eda --write_settings_files=off --simulation=on --functional=on --flatten_buses=off --tool=modelsim_oem --format=vhdl --output_directory=D:/prj/ca/ca4/simulation/qsim/ caprj4 -c caprj4
quartus_eda --gen_testbench --tool=modelsim_oem --format=vhdl --write_settings_files=off caprj4 -c caprj4 --vector_source=D:/prj/ca/ca4/Waveform3.vwf --testbench_file=D:/prj/ca/ca4/simulation/qsim/Waveform3.vwf.vht
quartus_eda --write_settings_files=off --simulation=on --functional=on --flatten_buses=off --tool=modelsim_oem --format=vhdl --output_directory=D:/prj/ca/ca4/simulation/qsim/ caprj4 -c caprj4
quartus_eda --gen_testbench --tool=modelsim_oem --format=vhdl --write_settings_files=off caprj4 -c caprj4 --vector_source=D:/prj/ca/ca4/Waveform3.vwf --testbench_file=D:/prj/ca/ca4/simulation/qsim/Waveform3.vwf.vht
quartus_eda --write_settings_files=off --simulation=on --functional=on --flatten_buses=off --tool=modelsim_oem --format=vhdl --output_directory=D:/prj/ca/ca4/simulation/qsim/ caprj4 -c caprj4
quartus_eda --gen_testbench --tool=modelsim_oem --format=vhdl --write_settings_files=off caprj4 -c caprj4 --vector_source=D:/prj/ca/ca4/Waveform3.vwf --testbench_file=D:/prj/ca/ca4/simulation/qsim/Waveform3.vwf.vht
quartus_eda --write_settings_files=off --simulation=on --functional=on --flatten_buses=off --tool=modelsim_oem --format=vhdl --output_directory=D:/prj/ca/ca4/simulation/qsim/ caprj4 -c caprj4
quartus_eda --gen_testbench --tool=modelsim_oem --format=vhdl --write_settings_files=off caprj4 -c caprj4 --vector_source=D:/prj/ca/ca4/Waveform3.vwf --testbench_file=D:/prj/ca/ca4/simulation/qsim/Waveform3.vwf.vht
quartus_eda --write_settings_files=off --simulation=on --functional=on --flatten_buses=off --tool=modelsim_oem --format=vhdl --output_directory=D:/prj/ca/ca4/simulation/qsim/ caprj4 -c caprj4
quartus_eda --gen_testbench --tool=modelsim_oem --format=vhdl --write_settings_files=off caprj4 -c caprj4 --vector_source=D:/prj/ca/ca4/Waveform3.vwf --testbench_file=D:/prj/ca/ca4/simulation/qsim/Waveform3.vwf.vht
quartus_eda --write_settings_files=off --simulation=on --functional=on --flatten_buses=off --tool=modelsim_oem --format=vhdl --output_directory=D:/prj/ca/ca4/simulation/qsim/ caprj4 -c caprj4
quartus_eda --gen_testbench --tool=modelsim_oem --format=vhdl --write_settings_files=off caprj4 -c caprj4 --vector_source=D:/prj/ca/ca4/Waveform3.vwf --testbench_file=D:/prj/ca/ca4/simulation/qsim/Waveform3.vwf.vht
quartus_eda --write_settings_files=off --simulation=on --functional=on --flatten_buses=off --tool=modelsim_oem --format=vhdl --output_directory=D:/prj/ca/ca4/simulation/qsim/ caprj4 -c caprj4
quartus_eda --gen_testbench --tool=modelsim_oem --format=vhdl --write_settings_files=off caprj4 -c caprj4 --vector_source=D:/prj/ca/ca4/Waveform3.vwf --testbench_file=D:/prj/ca/ca4/simulation/qsim/Waveform3.vwf.vht
quartus_eda --write_settings_files=off --simulation=on --functional=on --flatten_buses=off --tool=modelsim_oem --format=vhdl --output_directory=D:/prj/ca/ca4/simulation/qsim/ caprj4 -c caprj4
quartus_eda --gen_testbench --tool=modelsim_oem --format=vhdl --write_settings_files=off caprj4 -c caprj4 --vector_source=D:/prj/ca/ca4/Waveform3.vwf --testbench_file=D:/prj/ca/ca4/simulation/qsim/Waveform3.vwf.vht
quartus_eda --write_settings_files=off --simulation=on --functional=on --flatten_buses=off --tool=modelsim_oem --format=vhdl --output_directory=D:/prj/ca/ca4/simulation/qsim/ caprj4 -c caprj4
quartus_eda --gen_testbench --tool=modelsim_oem --format=verilog --write_settings_files=off caprj4 -c caprj4 --vector_source=D:/prj/ca/ca4/Waveform4.vwf --testbench_file=D:/prj/ca/ca4/simulation/qsim/Waveform4.vwf.vt
quartus_eda --write_settings_files=off --simulation=on --functional=on --flatten_buses=off --tool=modelsim_oem --format=verilog --output_directory=D:/prj/ca/ca4/simulation/qsim/ caprj4 -c caprj4



